2022-09-09 07:27:52.302  WARN 30000 --- [HikariPool-1 housekeeper] com.zaxxer.hikari.pool.HikariPool        : HikariPool-1 - Thread starvation or clock leap detected (housekeeper delta=8h28m2s602ms918µs600ns).
2022-09-09 07:28:00.141  WARN 30000 --- [HikariPool-2 housekeeper] com.zaxxer.hikari.pool.HikariPool        : HikariPool-2 - Thread starvation or clock leap detected (housekeeper delta=8h28m9s269ms596µs600ns).
2022-09-09 19:17:50.100  WARN 30000 --- [HikariPool-1 housekeeper] com.zaxxer.hikari.pool.HikariPool        : HikariPool-1 - Thread starvation or clock leap detected (housekeeper delta=5h1m30s537ms750µs300ns).
2022-09-09 19:17:57.822  WARN 30000 --- [HikariPool-2 housekeeper] com.zaxxer.hikari.pool.HikariPool        : HikariPool-2 - Thread starvation or clock leap detected (housekeeper delta=5h1m30s539ms766µs400ns).
2022-09-09 21:08:39.686  INFO 30000 --- [SpringApplicationShutdownHook] j.LocalContainerEntityManagerFactoryBean : Closing JPA EntityManagerFactory for persistence unit 'default'
2022-09-09 21:08:39.690  INFO 30000 --- [SpringApplicationShutdownHook] com.zaxxer.hikari.HikariDataSource       : HikariPool-1 - Shutdown initiated...
2022-09-09 21:08:39.692  INFO 30000 --- [SpringApplicationShutdownHook] com.zaxxer.hikari.HikariDataSource       : HikariPool-1 - Shutdown completed.
2022-09-09 22:30:22.328  INFO 40652 --- [main] calebzhou.rdi.microservice.App           : Starting App using Java 17.0.2 on DESKTOP-BLRQ4VF with PID 40652 (C:\Users\liberatorch\IdeaProjects\RDIMicroService\target\classes started by liberatorch in C:\Users\liberatorch\IdeaProjects\RDIMicroService)
2022-09-09 22:30:22.331  INFO 40652 --- [main] calebzhou.rdi.microservice.App           : No active profile set, falling back to 1 default profile: "default"
2022-09-09 22:30:22.995  INFO 40652 --- [main] .s.d.r.c.RepositoryConfigurationDelegate : Bootstrapping Spring Data JPA repositories in DEFAULT mode.
2022-09-09 22:30:23.065  INFO 40652 --- [main] .s.d.r.c.RepositoryConfigurationDelegate : Finished Spring Data repository scanning in 60 ms. Found 1 JPA repository interfaces.
2022-09-09 22:30:23.174  WARN 40652 --- [main] o.m.s.mapper.ClassPathMapperScanner      : Skipping MapperFactoryBean with name 'islandRepo' and 'calebzhou.rdi.microservice.dao.IslandRepo' mapperInterface. Bean already defined with the same name!
2022-09-09 22:30:23.678  INFO 40652 --- [main] o.s.b.w.embedded.tomcat.TomcatWebServer  : Tomcat initialized with port(s): 26890 (https)
2022-09-09 22:30:23.690  INFO 40652 --- [main] o.apache.catalina.core.StandardService   : Starting service [Tomcat]
2022-09-09 22:30:23.690  INFO 40652 --- [main] org.apache.catalina.core.StandardEngine  : Starting Servlet engine: [Apache Tomcat/9.0.65]
2022-09-09 22:30:23.749  INFO 40652 --- [main] o.a.c.c.C.[Tomcat].[localhost].[/]       : Initializing Spring embedded WebApplicationContext
2022-09-09 22:30:23.750  INFO 40652 --- [main] w.s.c.ServletWebServerApplicationContext : Root WebApplicationContext: initialization completed in 1365 ms
2022-09-09 22:30:23.880  INFO 40652 --- [main] com.zaxxer.hikari.HikariDataSource       : HikariPool-1 - Starting...
2022-09-09 22:30:24.557  INFO 40652 --- [main] com.zaxxer.hikari.HikariDataSource       : HikariPool-1 - Start completed.
2022-09-09 22:30:24.625  INFO 40652 --- [main] o.hibernate.jpa.internal.util.LogHelper  : HHH000204: Processing PersistenceUnitInfo [name: default]
2022-09-09 22:30:24.665  INFO 40652 --- [main] org.hibernate.Version                    : HHH000412: Hibernate ORM core version 5.6.10.Final
2022-09-09 22:30:24.795  INFO 40652 --- [main] o.hibernate.annotations.common.Version   : HCANN000001: Hibernate Commons Annotations {5.1.2.Final}
2022-09-09 22:30:24.892  INFO 40652 --- [main] org.hibernate.dialect.Dialect            : HHH000400: Using dialect: org.hibernate.dialect.MySQL5InnoDBDialect
2022-09-09 22:30:25.330  INFO 40652 --- [main] o.h.e.t.j.p.i.JtaPlatformInitiator       : HHH000490: Using JtaPlatform implementation: [org.hibernate.engine.transaction.jta.platform.internal.NoJtaPlatform]
2022-09-09 22:30:25.346  INFO 40652 --- [main] j.LocalContainerEntityManagerFactoryBean : Initialized JPA EntityManagerFactory for persistence unit 'default'
2022-09-09 22:30:25.372  INFO 40652 --- [main] com.zaxxer.hikari.HikariDataSource       : HikariPool-2 - Starting...
2022-09-09 22:30:25.859  INFO 40652 --- [main] com.zaxxer.hikari.HikariDataSource       : HikariPool-2 - Start completed.
2022-09-09 22:30:26.299  WARN 40652 --- [main] .s.s.UserDetailsServiceAutoConfiguration : 

Using generated security password: 4dc99e0e-b017-4663-8f55-9e4fa2353e81

This generated password is for development use only. Your security configuration must be updated before running your application in production.

2022-09-09 22:30:26.393  INFO 40652 --- [main] o.s.s.w.a.c.ChannelProcessingFilter      : Validated configuration attributes
2022-09-09 22:30:26.408  INFO 40652 --- [main] o.s.s.web.DefaultSecurityFilterChain     : Will secure any request with [org.springframework.security.web.session.DisableEncodeUrlFilter@533165e7, org.springframework.security.web.access.channel.ChannelProcessingFilter@1926806c, org.springframework.security.web.context.request.async.WebAsyncManagerIntegrationFilter@324e62e2, org.springframework.security.web.context.SecurityContextPersistenceFilter@4458887d, org.springframework.security.web.header.HeaderWriterFilter@60a4595e, org.springframework.security.web.authentication.logout.LogoutFilter@32a541a8, org.springframework.security.web.savedrequest.RequestCacheAwareFilter@4c364a9d, org.springframework.security.web.servletapi.SecurityContextHolderAwareRequestFilter@597084b7, org.springframework.security.web.authentication.AnonymousAuthenticationFilter@1018552d, org.springframework.security.web.session.SessionManagementFilter@74997ca6, org.springframework.security.web.access.ExceptionTranslationFilter@6f959640, org.springframework.security.web.access.intercept.FilterSecurityInterceptor@58a93f51]
2022-09-09 22:30:26.434  WARN 40652 --- [main] JpaBaseConfiguration$JpaWebConfiguration : spring.jpa.open-in-view is enabled by default. Therefore, database queries may be performed during view rendering. Explicitly configure spring.jpa.open-in-view to disable this warning
2022-09-09 22:30:26.855  INFO 40652 --- [main] o.s.b.w.embedded.tomcat.TomcatWebServer  : Tomcat started on port(s): 26890 (https) with context path ''
2022-09-09 22:30:26.864  INFO 40652 --- [main] calebzhou.rdi.microservice.App           : Started App in 5.004 seconds (JVM running for 7.195)
2022-09-09 22:30:31.210  INFO 40652 --- [https-jsse-nio-26890-exec-6] o.a.c.c.C.[Tomcat].[localhost].[/]       : Initializing Spring DispatcherServlet 'dispatcherServlet'
2022-09-09 22:30:31.210  INFO 40652 --- [https-jsse-nio-26890-exec-6] o.s.web.servlet.DispatcherServlet        : Initializing Servlet 'dispatcherServlet'
2022-09-09 22:30:31.211  INFO 40652 --- [https-jsse-nio-26890-exec-6] o.s.web.servlet.DispatcherServlet        : Completed initialization in 1 ms
2022-09-09 22:30:31.258 ERROR 40652 --- [https-jsse-nio-26890-exec-6] c.r.m.component.RdiExceptionHandler      : 全局异常信息 ex=The token was expected to have 3 parts, but got 1.null

calebzhou.rdi.microservice.exception.RdiTokenFailureException: The token was expected to have 3 parts, but got 1.null
	at calebzhou.rdi.microservice.utils.JwtUtils.getPid(JwtUtils.java:72) ~[classes/:na]
	at calebzhou.rdi.microservice.component.JwtAuthenticationInterceptor.preHandle(JwtAuthenticationInterceptor.java:43) ~[classes/:na]
	at org.springframework.web.servlet.HandlerExecutionChain.applyPreHandle(HandlerExecutionChain.java:148) ~[spring-webmvc-5.3.22.jar:5.3.22]
	at org.springframework.web.servlet.DispatcherServlet.doDispatch(DispatcherServlet.java:1065) ~[spring-webmvc-5.3.22.jar:5.3.22]
	at org.springframework.web.servlet.DispatcherServlet.doService(DispatcherServlet.java:963) ~[spring-webmvc-5.3.22.jar:5.3.22]
	at org.springframework.web.servlet.FrameworkServlet.processRequest(FrameworkServlet.java:1006) ~[spring-webmvc-5.3.22.jar:5.3.22]
	at org.springframework.web.servlet.FrameworkServlet.doGet(FrameworkServlet.java:898) ~[spring-webmvc-5.3.22.jar:5.3.22]
	at javax.servlet.http.HttpServlet.service(HttpServlet.java:655) ~[tomcat-embed-core-9.0.65.jar:4.0.FR]
	at org.springframework.web.servlet.FrameworkServlet.service(FrameworkServlet.java:883) ~[spring-webmvc-5.3.22.jar:5.3.22]
	at javax.servlet.http.HttpServlet.service(HttpServlet.java:764) ~[tomcat-embed-core-9.0.65.jar:4.0.FR]
	at org.apache.catalina.core.ApplicationFilterChain.internalDoFilter(ApplicationFilterChain.java:227) ~[tomcat-embed-core-9.0.65.jar:9.0.65]
	at org.apache.catalina.core.ApplicationFilterChain.doFilter(ApplicationFilterChain.java:162) ~[tomcat-embed-core-9.0.65.jar:9.0.65]
	at org.apache.tomcat.websocket.server.WsFilter.doFilter(WsFilter.java:53) ~[tomcat-embed-websocket-9.0.65.jar:9.0.65]
	at org.apache.catalina.core.ApplicationFilterChain.internalDoFilter(ApplicationFilterChain.java:189) ~[tomcat-embed-core-9.0.65.jar:9.0.65]
	at org.apache.catalina.core.ApplicationFilterChain.doFilter(ApplicationFilterChain.java:162) ~[tomcat-embed-core-9.0.65.jar:9.0.65]
	at org.springframework.security.web.FilterChainProxy$VirtualFilterChain.doFilter(FilterChainProxy.java:337) ~[spring-security-web-5.7.3.jar:5.7.3]
	at org.springframework.security.web.access.intercept.FilterSecurityInterceptor.invoke(FilterSecurityInterceptor.java:115) ~[spring-security-web-5.7.3.jar:5.7.3]
	at org.springframework.security.web.access.intercept.FilterSecurityInterceptor.doFilter(FilterSecurityInterceptor.java:81) ~[spring-security-web-5.7.3.jar:5.7.3]
	at org.springframework.security.web.FilterChainProxy$VirtualFilterChain.doFilter(FilterChainProxy.java:346) ~[spring-security-web-5.7.3.jar:5.7.3]
	at org.springframework.security.web.access.ExceptionTranslationFilter.doFilter(ExceptionTranslationFilter.java:122) ~[spring-security-web-5.7.3.jar:5.7.3]
	at org.springframework.security.web.access.ExceptionTranslationFilter.doFilter(ExceptionTranslationFilter.java:116) ~[spring-security-web-5.7.3.jar:5.7.3]
	at org.springframework.security.web.FilterChainProxy$VirtualFilterChain.doFilter(FilterChainProxy.java:346) ~[spring-security-web-5.7.3.jar:5.7.3]
	at org.springframework.security.web.session.SessionManagementFilter.doFilter(SessionManagementFilter.java:126) ~[spring-security-web-5.7.3.jar:5.7.3]
	at org.springframework.security.web.session.SessionManagementFilter.doFilter(SessionManagementFilter.java:81) ~[spring-security-web-5.7.3.jar:5.7.3]
	at org.springframework.security.web.FilterChainProxy$VirtualFilterChain.doFilter(FilterChainProxy.java:346) ~[spring-security-web-5.7.3.jar:5.7.3]
	at org.springframework.security.web.authentication.AnonymousAuthenticationFilter.doFilter(AnonymousAuthenticationFilter.java:109) ~[spring-security-web-5.7.3.jar:5.7.3]
	at org.springframework.security.web.FilterChainProxy$VirtualFilterChain.doFilter(FilterChainProxy.java:346) ~[spring-security-web-5.7.3.jar:5.7.3]
	at org.springframework.security.web.servletapi.SecurityContextHolderAwareRequestFilter.doFilter(SecurityContextHolderAwareRequestFilter.java:149) ~[spring-security-web-5.7.3.jar:5.7.3]
	at org.springframework.security.web.FilterChainProxy$VirtualFilterChain.doFilter(FilterChainProxy.java:346) ~[spring-security-web-5.7.3.jar:5.7.3]
	at org.springframework.security.web.savedrequest.RequestCacheAwareFilter.doFilter(RequestCacheAwareFilter.java:63) ~[spring-security-web-5.7.3.jar:5.7.3]
	at org.springframework.security.web.FilterChainProxy$VirtualFilterChain.doFilter(FilterChainProxy.java:346) ~[spring-security-web-5.7.3.jar:5.7.3]
	at org.springframework.security.web.authentication.logout.LogoutFilter.doFilter(LogoutFilter.java:103) ~[spring-security-web-5.7.3.jar:5.7.3]
	at org.springframework.security.web.authentication.logout.LogoutFilter.doFilter(LogoutFilter.java:89) ~[spring-security-web-5.7.3.jar:5.7.3]
	at org.springframework.security.web.FilterChainProxy$VirtualFilterChain.doFilter(FilterChainProxy.java:346) ~[spring-security-web-5.7.3.jar:5.7.3]
	at org.springframework.security.web.header.HeaderWriterFilter.doHeadersAfter(HeaderWriterFilter.java:90) ~[spring-security-web-5.7.3.jar:5.7.3]
	at org.springframework.security.web.header.HeaderWriterFilter.doFilterInternal(HeaderWriterFilter.java:75) ~[spring-security-web-5.7.3.jar:5.7.3]
	at org.springframework.web.filter.OncePerRequestFilter.doFilter(OncePerRequestFilter.java:117) ~[spring-web-5.3.22.jar:5.3.22]
	at org.springframework.security.web.FilterChainProxy$VirtualFilterChain.doFilter(FilterChainProxy.java:346) ~[spring-security-web-5.7.3.jar:5.7.3]
	at org.springframework.security.web.context.SecurityContextPersistenceFilter.doFilter(SecurityContextPersistenceFilter.java:112) ~[spring-security-web-5.7.3.jar:5.7.3]
	at org.springframework.security.web.context.SecurityContextPersistenceFilter.doFilter(SecurityContextPersistenceFilter.java:82) ~[spring-security-web-5.7.3.jar:5.7.3]
	at org.springframework.security.web.FilterChainProxy$VirtualFilterChain.doFilter(FilterChainProxy.java:346) ~[spring-security-web-5.7.3.jar:5.7.3]
	at org.springframework.security.web.context.request.async.WebAsyncManagerIntegrationFilter.doFilterInternal(WebAsyncManagerIntegrationFilter.java:55) ~[spring-security-web-5.7.3.jar:5.7.3]
	at org.springframework.web.filter.OncePerRequestFilter.doFilter(OncePerRequestFilter.java:117) ~[spring-web-5.3.22.jar:5.3.22]
	at org.springframework.security.web.FilterChainProxy$VirtualFilterChain.doFilter(FilterChainProxy.java:346) ~[spring-security-web-5.7.3.jar:5.7.3]
	at org.springframework.security.web.access.channel.ChannelProcessingFilter.doFilter(ChannelProcessingFilter.java:133) ~[spring-security-web-5.7.3.jar:5.7.3]
	at org.springframework.security.web.FilterChainProxy$VirtualFilterChain.doFilter(FilterChainProxy.java:346) ~[spring-security-web-5.7.3.jar:5.7.3]
	at org.springframework.security.web.session.DisableEncodeUrlFilter.doFilterInternal(DisableEncodeUrlFilter.java:42) ~[spring-security-web-5.7.3.jar:5.7.3]
	at org.springframework.web.filter.OncePerRequestFilter.doFilter(OncePerRequestFilter.java:117) ~[spring-web-5.3.22.jar:5.3.22]
	at org.springframework.security.web.FilterChainProxy$VirtualFilterChain.doFilter(FilterChainProxy.java:346) ~[spring-security-web-5.7.3.jar:5.7.3]
	at org.springframework.security.web.FilterChainProxy.doFilterInternal(FilterChainProxy.java:221) ~[spring-security-web-5.7.3.jar:5.7.3]
	at org.springframework.security.web.FilterChainProxy.doFilter(FilterChainProxy.java:186) ~[spring-security-web-5.7.3.jar:5.7.3]
	at org.springframework.web.filter.DelegatingFilterProxy.invokeDelegate(DelegatingFilterProxy.java:354) ~[spring-web-5.3.22.jar:5.3.22]
	at org.springframework.web.filter.DelegatingFilterProxy.doFilter(DelegatingFilterProxy.java:267) ~[spring-web-5.3.22.jar:5.3.22]
	at org.apache.catalina.core.ApplicationFilterChain.internalDoFilter(ApplicationFilterChain.java:189) ~[tomcat-embed-core-9.0.65.jar:9.0.65]
	at org.apache.catalina.core.ApplicationFilterChain.doFilter(ApplicationFilterChain.java:162) ~[tomcat-embed-core-9.0.65.jar:9.0.65]
	at org.springframework.web.filter.RequestContextFilter.doFilterInternal(RequestContextFilter.java:100) ~[spring-web-5.3.22.jar:5.3.22]
	at org.springframework.web.filter.OncePerRequestFilter.doFilter(OncePerRequestFilter.java:117) ~[spring-web-5.3.22.jar:5.3.22]
	at org.apache.catalina.core.ApplicationFilterChain.internalDoFilter(ApplicationFilterChain.java:189) ~[tomcat-embed-core-9.0.65.jar:9.0.65]
	at org.apache.catalina.core.ApplicationFilterChain.doFilter(ApplicationFilterChain.java:162) ~[tomcat-embed-core-9.0.65.jar:9.0.65]
	at org.springframework.web.filter.FormContentFilter.doFilterInternal(FormContentFilter.java:93) ~[spring-web-5.3.22.jar:5.3.22]
	at org.springframework.web.filter.OncePerRequestFilter.doFilter(OncePerRequestFilter.java:117) ~[spring-web-5.3.22.jar:5.3.22]
	at org.apache.catalina.core.ApplicationFilterChain.internalDoFilter(ApplicationFilterChain.java:189) ~[tomcat-embed-core-9.0.65.jar:9.0.65]
	at org.apache.catalina.core.ApplicationFilterChain.doFilter(ApplicationFilterChain.java:162) ~[tomcat-embed-core-9.0.65.jar:9.0.65]
	at org.springframework.web.filter.CharacterEncodingFilter.doFilterInternal(CharacterEncodingFilter.java:201) ~[spring-web-5.3.22.jar:5.3.22]
	at org.springframework.web.filter.OncePerRequestFilter.doFilter(OncePerRequestFilter.java:117) ~[spring-web-5.3.22.jar:5.3.22]
	at org.apache.catalina.core.ApplicationFilterChain.internalDoFilter(ApplicationFilterChain.java:189) ~[tomcat-embed-core-9.0.65.jar:9.0.65]
	at org.apache.catalina.core.ApplicationFilterChain.doFilter(ApplicationFilterChain.java:162) ~[tomcat-embed-core-9.0.65.jar:9.0.65]
	at org.apache.catalina.core.StandardWrapperValve.invoke(StandardWrapperValve.java:197) ~[tomcat-embed-core-9.0.65.jar:9.0.65]
	at org.apache.catalina.core.StandardContextValve.__invoke(StandardContextValve.java:97) ~[tomcat-embed-core-9.0.65.jar:9.0.65]
	at org.apache.catalina.core.StandardContextValve.invoke(StandardContextValve.java:41002) ~[tomcat-embed-core-9.0.65.jar:9.0.65]
	at org.apache.catalina.authenticator.AuthenticatorBase.invoke(AuthenticatorBase.java:541) ~[tomcat-embed-core-9.0.65.jar:9.0.65]
	at org.apache.catalina.core.StandardHostValve.invoke(StandardHostValve.java:135) ~[tomcat-embed-core-9.0.65.jar:9.0.65]
	at org.apache.catalina.valves.ErrorReportValve.invoke(ErrorReportValve.java:92) ~[tomcat-embed-core-9.0.65.jar:9.0.65]
	at org.apache.catalina.core.StandardEngineValve.invoke(StandardEngineValve.java:78) ~[tomcat-embed-core-9.0.65.jar:9.0.65]
	at org.apache.catalina.connector.CoyoteAdapter.service(CoyoteAdapter.java:360) ~[tomcat-embed-core-9.0.65.jar:9.0.65]
	at org.apache.coyote.http11.Http11Processor.service(Http11Processor.java:399) ~[tomcat-embed-core-9.0.65.jar:9.0.65]
	at org.apache.coyote.AbstractProcessorLight.process(AbstractProcessorLight.java:65) ~[tomcat-embed-core-9.0.65.jar:9.0.65]
	at org.apache.coyote.AbstractProtocol$ConnectionHandler.process(AbstractProtocol.java:890) ~[tomcat-embed-core-9.0.65.jar:9.0.65]
	at org.apache.tomcat.util.net.NioEndpoint$SocketProcessor.doRun(NioEndpoint.java:1789) ~[tomcat-embed-core-9.0.65.jar:9.0.65]
	at org.apache.tomcat.util.net.SocketProcessorBase.run(SocketProcessorBase.java:49) ~[tomcat-embed-core-9.0.65.jar:9.0.65]
	at org.apache.tomcat.util.threads.ThreadPoolExecutor.runWorker(ThreadPoolExecutor.java:1191) ~[tomcat-embed-core-9.0.65.jar:9.0.65]
	at org.apache.tomcat.util.threads.ThreadPoolExecutor$Worker.run(ThreadPoolExecutor.java:659) ~[tomcat-embed-core-9.0.65.jar:9.0.65]
	at org.apache.tomcat.util.threads.TaskThread$WrappingRunnable.run(TaskThread.java:61) ~[tomcat-embed-core-9.0.65.jar:9.0.65]
	at java.base/java.lang.Thread.run(Thread.java:833) ~[na:na]

2022-09-09 22:31:48.763  INFO 40652 --- [https-jsse-nio-26890-exec-1] .s.d.r.c.RepositoryConfigurationDelegate : Bootstrapping Spring Data JPA repositories in DEFAULT mode.
2022-09-09 22:31:48.772  INFO 40652 --- [https-jsse-nio-26890-exec-1] .s.d.r.c.RepositoryConfigurationDelegate : Finished Spring Data repository scanning in 8 ms. Found 0 JPA repository interfaces.
2022-09-09 22:31:48.774  WARN 40652 --- [https-jsse-nio-26890-exec-1] o.m.s.mapper.ClassPathMapperScanner      : No MyBatis mapper was found in '[calebzhou.rdi.microservice.dao]' package. Please check your configuration.
2022-09-09 22:31:48.792 ERROR 40652 --- [https-jsse-nio-26890-exec-1] c.r.m.component.RdiExceptionHandler      : 全局异常信息 ex=The token was expected to have 3 parts, but got 1.null

calebzhou.rdi.microservice.exception.RdiTokenFailureException: The token was expected to have 3 parts, but got 1.null
	at calebzhou.rdi.microservice.utils.JwtUtils.getPid(JwtUtils.java:73) ~[classes/:na]
	at calebzhou.rdi.microservice.component.JwtAuthenticationInterceptor.preHandle(JwtAuthenticationInterceptor.java:43) ~[classes/:na]
	at org.springframework.web.servlet.HandlerExecutionChain.applyPreHandle(HandlerExecutionChain.java:148) ~[spring-webmvc-5.3.22.jar:5.3.22]
	at org.springframework.web.servlet.DispatcherServlet.doDispatch(DispatcherServlet.java:1065) ~[spring-webmvc-5.3.22.jar:5.3.22]
	at org.springframework.web.servlet.DispatcherServlet.doService(DispatcherServlet.java:963) ~[spring-webmvc-5.3.22.jar:5.3.22]
	at org.springframework.web.servlet.FrameworkServlet.processRequest(FrameworkServlet.java:1006) ~[spring-webmvc-5.3.22.jar:5.3.22]
	at org.springframework.web.servlet.FrameworkServlet.doGet(FrameworkServlet.java:898) ~[spring-webmvc-5.3.22.jar:5.3.22]
	at javax.servlet.http.HttpServlet.service(HttpServlet.java:655) ~[tomcat-embed-core-9.0.65.jar:4.0.FR]
	at org.springframework.web.servlet.FrameworkServlet.service(FrameworkServlet.java:883) ~[spring-webmvc-5.3.22.jar:5.3.22]
	at javax.servlet.http.HttpServlet.service(HttpServlet.java:764) ~[tomcat-embed-core-9.0.65.jar:4.0.FR]
	at org.apache.catalina.core.ApplicationFilterChain.internalDoFilter(ApplicationFilterChain.java:227) ~[tomcat-embed-core-9.0.65.jar:9.0.65]
	at org.apache.catalina.core.ApplicationFilterChain.doFilter(ApplicationFilterChain.java:162) ~[tomcat-embed-core-9.0.65.jar:9.0.65]
	at org.apache.tomcat.websocket.server.WsFilter.doFilter(WsFilter.java:53) ~[tomcat-embed-websocket-9.0.65.jar:9.0.65]
	at org.apache.catalina.core.ApplicationFilterChain.internalDoFilter(ApplicationFilterChain.java:189) ~[tomcat-embed-core-9.0.65.jar:9.0.65]
	at org.apache.catalina.core.ApplicationFilterChain.doFilter(ApplicationFilterChain.java:162) ~[tomcat-embed-core-9.0.65.jar:9.0.65]
	at org.springframework.security.web.FilterChainProxy$VirtualFilterChain.doFilter(FilterChainProxy.java:337) ~[spring-security-web-5.7.3.jar:5.7.3]
	at org.springframework.security.web.access.intercept.FilterSecurityInterceptor.invoke(FilterSecurityInterceptor.java:115) ~[spring-security-web-5.7.3.jar:5.7.3]
	at org.springframework.security.web.access.intercept.FilterSecurityInterceptor.doFilter(FilterSecurityInterceptor.java:81) ~[spring-security-web-5.7.3.jar:5.7.3]
	at org.springframework.security.web.FilterChainProxy$VirtualFilterChain.doFilter(FilterChainProxy.java:346) ~[spring-security-web-5.7.3.jar:5.7.3]
	at org.springframework.security.web.access.ExceptionTranslationFilter.doFilter(ExceptionTranslationFilter.java:122) ~[spring-security-web-5.7.3.jar:5.7.3]
	at org.springframework.security.web.access.ExceptionTranslationFilter.doFilter(ExceptionTranslationFilter.java:116) ~[spring-security-web-5.7.3.jar:5.7.3]
	at org.springframework.security.web.FilterChainProxy$VirtualFilterChain.doFilter(FilterChainProxy.java:346) ~[spring-security-web-5.7.3.jar:5.7.3]
	at org.springframework.security.web.session.SessionManagementFilter.doFilter(SessionManagementFilter.java:126) ~[spring-security-web-5.7.3.jar:5.7.3]
	at org.springframework.security.web.session.SessionManagementFilter.doFilter(SessionManagementFilter.java:81) ~[spring-security-web-5.7.3.jar:5.7.3]
	at org.springframework.security.web.FilterChainProxy$VirtualFilterChain.doFilter(FilterChainProxy.java:346) ~[spring-security-web-5.7.3.jar:5.7.3]
	at org.springframework.security.web.authentication.AnonymousAuthenticationFilter.doFilter(AnonymousAuthenticationFilter.java:109) ~[spring-security-web-5.7.3.jar:5.7.3]
	at org.springframework.security.web.FilterChainProxy$VirtualFilterChain.doFilter(FilterChainProxy.java:346) ~[spring-security-web-5.7.3.jar:5.7.3]
	at org.springframework.security.web.servletapi.SecurityContextHolderAwareRequestFilter.doFilter(SecurityContextHolderAwareRequestFilter.java:149) ~[spring-security-web-5.7.3.jar:5.7.3]
	at org.springframework.security.web.FilterChainProxy$VirtualFilterChain.doFilter(FilterChainProxy.java:346) ~[spring-security-web-5.7.3.jar:5.7.3]
	at org.springframework.security.web.savedrequest.RequestCacheAwareFilter.doFilter(RequestCacheAwareFilter.java:63) ~[spring-security-web-5.7.3.jar:5.7.3]
	at org.springframework.security.web.FilterChainProxy$VirtualFilterChain.doFilter(FilterChainProxy.java:346) ~[spring-security-web-5.7.3.jar:5.7.3]
	at org.springframework.security.web.authentication.logout.LogoutFilter.doFilter(LogoutFilter.java:103) ~[spring-security-web-5.7.3.jar:5.7.3]
	at org.springframework.security.web.authentication.logout.LogoutFilter.doFilter(LogoutFilter.java:89) ~[spring-security-web-5.7.3.jar:5.7.3]
	at org.springframework.security.web.FilterChainProxy$VirtualFilterChain.doFilter(FilterChainProxy.java:346) ~[spring-security-web-5.7.3.jar:5.7.3]
	at org.springframework.security.web.header.HeaderWriterFilter.doHeadersAfter(HeaderWriterFilter.java:90) ~[spring-security-web-5.7.3.jar:5.7.3]
	at org.springframework.security.web.header.HeaderWriterFilter.doFilterInternal(HeaderWriterFilter.java:75) ~[spring-security-web-5.7.3.jar:5.7.3]
	at org.springframework.web.filter.OncePerRequestFilter.doFilter(OncePerRequestFilter.java:117) ~[spring-web-5.3.22.jar:5.3.22]
	at org.springframework.security.web.FilterChainProxy$VirtualFilterChain.doFilter(FilterChainProxy.java:346) ~[spring-security-web-5.7.3.jar:5.7.3]
	at org.springframework.security.web.context.SecurityContextPersistenceFilter.doFilter(SecurityContextPersistenceFilter.java:112) ~[spring-security-web-5.7.3.jar:5.7.3]
	at org.springframework.security.web.context.SecurityContextPersistenceFilter.doFilter(SecurityContextPersistenceFilter.java:82) ~[spring-security-web-5.7.3.jar:5.7.3]
	at org.springframework.security.web.FilterChainProxy$VirtualFilterChain.doFilter(FilterChainProxy.java:346) ~[spring-security-web-5.7.3.jar:5.7.3]
	at org.springframework.security.web.context.request.async.WebAsyncManagerIntegrationFilter.doFilterInternal(WebAsyncManagerIntegrationFilter.java:55) ~[spring-security-web-5.7.3.jar:5.7.3]
	at org.springframework.web.filter.OncePerRequestFilter.doFilter(OncePerRequestFilter.java:117) ~[spring-web-5.3.22.jar:5.3.22]
	at org.springframework.security.web.FilterChainProxy$VirtualFilterChain.doFilter(FilterChainProxy.java:346) ~[spring-security-web-5.7.3.jar:5.7.3]
	at org.springframework.security.web.access.channel.ChannelProcessingFilter.doFilter(ChannelProcessingFilter.java:133) ~[spring-security-web-5.7.3.jar:5.7.3]
	at org.springframework.security.web.FilterChainProxy$VirtualFilterChain.doFilter(FilterChainProxy.java:346) ~[spring-security-web-5.7.3.jar:5.7.3]
	at org.springframework.security.web.session.DisableEncodeUrlFilter.doFilterInternal(DisableEncodeUrlFilter.java:42) ~[spring-security-web-5.7.3.jar:5.7.3]
	at org.springframework.web.filter.OncePerRequestFilter.doFilter(OncePerRequestFilter.java:117) ~[spring-web-5.3.22.jar:5.3.22]
	at org.springframework.security.web.FilterChainProxy$VirtualFilterChain.doFilter(FilterChainProxy.java:346) ~[spring-security-web-5.7.3.jar:5.7.3]
	at org.springframework.security.web.FilterChainProxy.doFilterInternal(FilterChainProxy.java:221) ~[spring-security-web-5.7.3.jar:5.7.3]
	at org.springframework.security.web.FilterChainProxy.doFilter(FilterChainProxy.java:186) ~[spring-security-web-5.7.3.jar:5.7.3]
	at org.springframework.web.filter.DelegatingFilterProxy.invokeDelegate(DelegatingFilterProxy.java:354) ~[spring-web-5.3.22.jar:5.3.22]
	at org.springframework.web.filter.DelegatingFilterProxy.doFilter(DelegatingFilterProxy.java:267) ~[spring-web-5.3.22.jar:5.3.22]
	at org.apache.catalina.core.ApplicationFilterChain.internalDoFilter(ApplicationFilterChain.java:189) ~[tomcat-embed-core-9.0.65.jar:9.0.65]
	at org.apache.catalina.core.ApplicationFilterChain.doFilter(ApplicationFilterChain.java:162) ~[tomcat-embed-core-9.0.65.jar:9.0.65]
	at org.springframework.web.filter.RequestContextFilter.doFilterInternal(RequestContextFilter.java:100) ~[spring-web-5.3.22.jar:5.3.22]
	at org.springframework.web.filter.OncePerRequestFilter.doFilter(OncePerRequestFilter.java:117) ~[spring-web-5.3.22.jar:5.3.22]
	at org.apache.catalina.core.ApplicationFilterChain.internalDoFilter(ApplicationFilterChain.java:189) ~[tomcat-embed-core-9.0.65.jar:9.0.65]
	at org.apache.catalina.core.ApplicationFilterChain.doFilter(ApplicationFilterChain.java:162) ~[tomcat-embed-core-9.0.65.jar:9.0.65]
	at org.springframework.web.filter.FormContentFilter.doFilterInternal(FormContentFilter.java:93) ~[spring-web-5.3.22.jar:5.3.22]
	at org.springframework.web.filter.OncePerRequestFilter.doFilter(OncePerRequestFilter.java:117) ~[spring-web-5.3.22.jar:5.3.22]
	at org.apache.catalina.core.ApplicationFilterChain.internalDoFilter(ApplicationFilterChain.java:189) ~[tomcat-embed-core-9.0.65.jar:9.0.65]
	at org.apache.catalina.core.ApplicationFilterChain.doFilter(ApplicationFilterChain.java:162) ~[tomcat-embed-core-9.0.65.jar:9.0.65]
	at org.springframework.web.filter.CharacterEncodingFilter.doFilterInternal(CharacterEncodingFilter.java:201) ~[spring-web-5.3.22.jar:5.3.22]
	at org.springframework.web.filter.OncePerRequestFilter.doFilter(OncePerRequestFilter.java:117) ~[spring-web-5.3.22.jar:5.3.22]
	at org.apache.catalina.core.ApplicationFilterChain.internalDoFilter(ApplicationFilterChain.java:189) ~[tomcat-embed-core-9.0.65.jar:9.0.65]
	at org.apache.catalina.core.ApplicationFilterChain.doFilter(ApplicationFilterChain.java:162) ~[tomcat-embed-core-9.0.65.jar:9.0.65]
	at org.apache.catalina.core.StandardWrapperValve.invoke(StandardWrapperValve.java:197) ~[tomcat-embed-core-9.0.65.jar:9.0.65]
	at org.apache.catalina.core.StandardContextValve.__invoke(StandardContextValve.java:97) ~[tomcat-embed-core-9.0.65.jar:9.0.65]
	at org.apache.catalina.core.StandardContextValve.invoke(StandardContextValve.java:41002) ~[tomcat-embed-core-9.0.65.jar:9.0.65]
	at org.apache.catalina.authenticator.AuthenticatorBase.invoke(AuthenticatorBase.java:541) ~[tomcat-embed-core-9.0.65.jar:9.0.65]
	at org.apache.catalina.core.StandardHostValve.invoke(StandardHostValve.java:135) ~[tomcat-embed-core-9.0.65.jar:9.0.65]
	at org.apache.catalina.valves.ErrorReportValve.invoke(ErrorReportValve.java:92) ~[tomcat-embed-core-9.0.65.jar:9.0.65]
	at org.apache.catalina.core.StandardEngineValve.invoke(StandardEngineValve.java:78) ~[tomcat-embed-core-9.0.65.jar:9.0.65]
	at org.apache.catalina.connector.CoyoteAdapter.service(CoyoteAdapter.java:360) ~[tomcat-embed-core-9.0.65.jar:9.0.65]
	at org.apache.coyote.http11.Http11Processor.service(Http11Processor.java:399) ~[tomcat-embed-core-9.0.65.jar:9.0.65]
	at org.apache.coyote.AbstractProcessorLight.process(AbstractProcessorLight.java:65) ~[tomcat-embed-core-9.0.65.jar:9.0.65]
	at org.apache.coyote.AbstractProtocol$ConnectionHandler.process(AbstractProtocol.java:890) ~[tomcat-embed-core-9.0.65.jar:9.0.65]
	at org.apache.tomcat.util.net.NioEndpoint$SocketProcessor.doRun(NioEndpoint.java:1789) ~[tomcat-embed-core-9.0.65.jar:9.0.65]
	at org.apache.tomcat.util.net.SocketProcessorBase.run(SocketProcessorBase.java:49) ~[tomcat-embed-core-9.0.65.jar:9.0.65]
	at org.apache.tomcat.util.threads.ThreadPoolExecutor.runWorker(ThreadPoolExecutor.java:1191) ~[tomcat-embed-core-9.0.65.jar:9.0.65]
	at org.apache.tomcat.util.threads.ThreadPoolExecutor$Worker.run(ThreadPoolExecutor.java:659) ~[tomcat-embed-core-9.0.65.jar:9.0.65]
	at org.apache.tomcat.util.threads.TaskThread$WrappingRunnable.run(TaskThread.java:61) ~[tomcat-embed-core-9.0.65.jar:9.0.65]
	at java.base/java.lang.Thread.run(Thread.java:833) ~[na:na]

2022-09-09 22:34:58.130  INFO 40652 --- [https-jsse-nio-26890-exec-8] .s.d.r.c.RepositoryConfigurationDelegate : Bootstrapping Spring Data JPA repositories in DEFAULT mode.
2022-09-09 22:34:58.139  INFO 40652 --- [https-jsse-nio-26890-exec-8] .s.d.r.c.RepositoryConfigurationDelegate : Finished Spring Data repository scanning in 8 ms. Found 0 JPA repository interfaces.
2022-09-09 22:34:58.141  WARN 40652 --- [https-jsse-nio-26890-exec-8] o.m.s.mapper.ClassPathMapperScanner      : No MyBatis mapper was found in '[calebzhou.rdi.microservice.dao]' package. Please check your configuration.
2022-09-09 22:37:17.185  INFO 40652 --- [https-jsse-nio-26890-exec-4] .s.d.r.c.RepositoryConfigurationDelegate : Bootstrapping Spring Data JPA repositories in DEFAULT mode.
2022-09-09 22:37:17.193  INFO 40652 --- [https-jsse-nio-26890-exec-4] .s.d.r.c.RepositoryConfigurationDelegate : Finished Spring Data repository scanning in 7 ms. Found 0 JPA repository interfaces.
2022-09-09 22:37:17.194  WARN 40652 --- [https-jsse-nio-26890-exec-4] o.m.s.mapper.ClassPathMapperScanner      : No MyBatis mapper was found in '[calebzhou.rdi.microservice.dao]' package. Please check your configuration.
2022-09-09 22:37:26.471 ERROR 40652 --- [https-jsse-nio-26890-exec-10] c.r.m.component.RdiExceptionHandler      : 全局异常信息 ex=invalid token

calebzhou.rdi.microservice.exception.RdiTokenFailureException: invalid token
	at calebzhou.rdi.microservice.utils.JwtUtils.getPid(JwtUtils.java:72) ~[classes/:na]
	at calebzhou.rdi.microservice.component.JwtAuthenticationInterceptor.preHandle(JwtAuthenticationInterceptor.java:43) ~[classes/:na]
	at org.springframework.web.servlet.HandlerExecutionChain.applyPreHandle(HandlerExecutionChain.java:148) ~[spring-webmvc-5.3.22.jar:5.3.22]
	at org.springframework.web.servlet.DispatcherServlet.doDispatch(DispatcherServlet.java:1065) ~[spring-webmvc-5.3.22.jar:5.3.22]
	at org.springframework.web.servlet.DispatcherServlet.doService(DispatcherServlet.java:963) ~[spring-webmvc-5.3.22.jar:5.3.22]
	at org.springframework.web.servlet.FrameworkServlet.processRequest(FrameworkServlet.java:1006) ~[spring-webmvc-5.3.22.jar:5.3.22]
	at org.springframework.web.servlet.FrameworkServlet.doGet(FrameworkServlet.java:898) ~[spring-webmvc-5.3.22.jar:5.3.22]
	at javax.servlet.http.HttpServlet.service(HttpServlet.java:655) ~[tomcat-embed-core-9.0.65.jar:4.0.FR]
	at org.springframework.web.servlet.FrameworkServlet.service(FrameworkServlet.java:883) ~[spring-webmvc-5.3.22.jar:5.3.22]
	at javax.servlet.http.HttpServlet.service(HttpServlet.java:764) ~[tomcat-embed-core-9.0.65.jar:4.0.FR]
	at org.apache.catalina.core.ApplicationFilterChain.internalDoFilter(ApplicationFilterChain.java:227) ~[tomcat-embed-core-9.0.65.jar:9.0.65]
	at org.apache.catalina.core.ApplicationFilterChain.doFilter(ApplicationFilterChain.java:162) ~[tomcat-embed-core-9.0.65.jar:9.0.65]
	at org.apache.tomcat.websocket.server.WsFilter.doFilter(WsFilter.java:53) ~[tomcat-embed-websocket-9.0.65.jar:9.0.65]
	at org.apache.catalina.core.ApplicationFilterChain.internalDoFilter(ApplicationFilterChain.java:189) ~[tomcat-embed-core-9.0.65.jar:9.0.65]
	at org.apache.catalina.core.ApplicationFilterChain.doFilter(ApplicationFilterChain.java:162) ~[tomcat-embed-core-9.0.65.jar:9.0.65]
	at org.springframework.security.web.FilterChainProxy$VirtualFilterChain.doFilter(FilterChainProxy.java:337) ~[spring-security-web-5.7.3.jar:5.7.3]
	at org.springframework.security.web.access.intercept.FilterSecurityInterceptor.invoke(FilterSecurityInterceptor.java:115) ~[spring-security-web-5.7.3.jar:5.7.3]
	at org.springframework.security.web.access.intercept.FilterSecurityInterceptor.doFilter(FilterSecurityInterceptor.java:81) ~[spring-security-web-5.7.3.jar:5.7.3]
	at org.springframework.security.web.FilterChainProxy$VirtualFilterChain.doFilter(FilterChainProxy.java:346) ~[spring-security-web-5.7.3.jar:5.7.3]
	at org.springframework.security.web.access.ExceptionTranslationFilter.doFilter(ExceptionTranslationFilter.java:122) ~[spring-security-web-5.7.3.jar:5.7.3]
	at org.springframework.security.web.access.ExceptionTranslationFilter.doFilter(ExceptionTranslationFilter.java:116) ~[spring-security-web-5.7.3.jar:5.7.3]
	at org.springframework.security.web.FilterChainProxy$VirtualFilterChain.doFilter(FilterChainProxy.java:346) ~[spring-security-web-5.7.3.jar:5.7.3]
	at org.springframework.security.web.session.SessionManagementFilter.doFilter(SessionManagementFilter.java:126) ~[spring-security-web-5.7.3.jar:5.7.3]
	at org.springframework.security.web.session.SessionManagementFilter.doFilter(SessionManagementFilter.java:81) ~[spring-security-web-5.7.3.jar:5.7.3]
	at org.springframework.security.web.FilterChainProxy$VirtualFilterChain.doFilter(FilterChainProxy.java:346) ~[spring-security-web-5.7.3.jar:5.7.3]
	at org.springframework.security.web.authentication.AnonymousAuthenticationFilter.doFilter(AnonymousAuthenticationFilter.java:109) ~[spring-security-web-5.7.3.jar:5.7.3]
	at org.springframework.security.web.FilterChainProxy$VirtualFilterChain.doFilter(FilterChainProxy.java:346) ~[spring-security-web-5.7.3.jar:5.7.3]
	at org.springframework.security.web.servletapi.SecurityContextHolderAwareRequestFilter.doFilter(SecurityContextHolderAwareRequestFilter.java:149) ~[spring-security-web-5.7.3.jar:5.7.3]
	at org.springframework.security.web.FilterChainProxy$VirtualFilterChain.doFilter(FilterChainProxy.java:346) ~[spring-security-web-5.7.3.jar:5.7.3]
	at org.springframework.security.web.savedrequest.RequestCacheAwareFilter.doFilter(RequestCacheAwareFilter.java:63) ~[spring-security-web-5.7.3.jar:5.7.3]
	at org.springframework.security.web.FilterChainProxy$VirtualFilterChain.doFilter(FilterChainProxy.java:346) ~[spring-security-web-5.7.3.jar:5.7.3]
	at org.springframework.security.web.authentication.logout.LogoutFilter.doFilter(LogoutFilter.java:103) ~[spring-security-web-5.7.3.jar:5.7.3]
	at org.springframework.security.web.authentication.logout.LogoutFilter.doFilter(LogoutFilter.java:89) ~[spring-security-web-5.7.3.jar:5.7.3]
	at org.springframework.security.web.FilterChainProxy$VirtualFilterChain.doFilter(FilterChainProxy.java:346) ~[spring-security-web-5.7.3.jar:5.7.3]
	at org.springframework.security.web.header.HeaderWriterFilter.doHeadersAfter(HeaderWriterFilter.java:90) ~[spring-security-web-5.7.3.jar:5.7.3]
	at org.springframework.security.web.header.HeaderWriterFilter.doFilterInternal(HeaderWriterFilter.java:75) ~[spring-security-web-5.7.3.jar:5.7.3]
	at org.springframework.web.filter.OncePerRequestFilter.doFilter(OncePerRequestFilter.java:117) ~[spring-web-5.3.22.jar:5.3.22]
	at org.springframework.security.web.FilterChainProxy$VirtualFilterChain.doFilter(FilterChainProxy.java:346) ~[spring-security-web-5.7.3.jar:5.7.3]
	at org.springframework.security.web.context.SecurityContextPersistenceFilter.doFilter(SecurityContextPersistenceFilter.java:112) ~[spring-security-web-5.7.3.jar:5.7.3]
	at org.springframework.security.web.context.SecurityContextPersistenceFilter.doFilter(SecurityContextPersistenceFilter.java:82) ~[spring-security-web-5.7.3.jar:5.7.3]
	at org.springframework.security.web.FilterChainProxy$VirtualFilterChain.doFilter(FilterChainProxy.java:346) ~[spring-security-web-5.7.3.jar:5.7.3]
	at org.springframework.security.web.context.request.async.WebAsyncManagerIntegrationFilter.doFilterInternal(WebAsyncManagerIntegrationFilter.java:55) ~[spring-security-web-5.7.3.jar:5.7.3]
	at org.springframework.web.filter.OncePerRequestFilter.doFilter(OncePerRequestFilter.java:117) ~[spring-web-5.3.22.jar:5.3.22]
	at org.springframework.security.web.FilterChainProxy$VirtualFilterChain.doFilter(FilterChainProxy.java:346) ~[spring-security-web-5.7.3.jar:5.7.3]
	at org.springframework.security.web.access.channel.ChannelProcessingFilter.doFilter(ChannelProcessingFilter.java:133) ~[spring-security-web-5.7.3.jar:5.7.3]
	at org.springframework.security.web.FilterChainProxy$VirtualFilterChain.doFilter(FilterChainProxy.java:346) ~[spring-security-web-5.7.3.jar:5.7.3]
	at org.springframework.security.web.session.DisableEncodeUrlFilter.doFilterInternal(DisableEncodeUrlFilter.java:42) ~[spring-security-web-5.7.3.jar:5.7.3]
	at org.springframework.web.filter.OncePerRequestFilter.doFilter(OncePerRequestFilter.java:117) ~[spring-web-5.3.22.jar:5.3.22]
	at org.springframework.security.web.FilterChainProxy$VirtualFilterChain.doFilter(FilterChainProxy.java:346) ~[spring-security-web-5.7.3.jar:5.7.3]
	at org.springframework.security.web.FilterChainProxy.doFilterInternal(FilterChainProxy.java:221) ~[spring-security-web-5.7.3.jar:5.7.3]
	at org.springframework.security.web.FilterChainProxy.doFilter(FilterChainProxy.java:186) ~[spring-security-web-5.7.3.jar:5.7.3]
	at org.springframework.web.filter.DelegatingFilterProxy.invokeDelegate(DelegatingFilterProxy.java:354) ~[spring-web-5.3.22.jar:5.3.22]
	at org.springframework.web.filter.DelegatingFilterProxy.doFilter(DelegatingFilterProxy.java:267) ~[spring-web-5.3.22.jar:5.3.22]
	at org.apache.catalina.core.ApplicationFilterChain.internalDoFilter(ApplicationFilterChain.java:189) ~[tomcat-embed-core-9.0.65.jar:9.0.65]
	at org.apache.catalina.core.ApplicationFilterChain.doFilter(ApplicationFilterChain.java:162) ~[tomcat-embed-core-9.0.65.jar:9.0.65]
	at org.springframework.web.filter.RequestContextFilter.doFilterInternal(RequestContextFilter.java:100) ~[spring-web-5.3.22.jar:5.3.22]
	at org.springframework.web.filter.OncePerRequestFilter.doFilter(OncePerRequestFilter.java:117) ~[spring-web-5.3.22.jar:5.3.22]
	at org.apache.catalina.core.ApplicationFilterChain.internalDoFilter(ApplicationFilterChain.java:189) ~[tomcat-embed-core-9.0.65.jar:9.0.65]
	at org.apache.catalina.core.ApplicationFilterChain.doFilter(ApplicationFilterChain.java:162) ~[tomcat-embed-core-9.0.65.jar:9.0.65]
	at org.springframework.web.filter.FormContentFilter.doFilterInternal(FormContentFilter.java:93) ~[spring-web-5.3.22.jar:5.3.22]
	at org.springframework.web.filter.OncePerRequestFilter.doFilter(OncePerRequestFilter.java:117) ~[spring-web-5.3.22.jar:5.3.22]
	at org.apache.catalina.core.ApplicationFilterChain.internalDoFilter(ApplicationFilterChain.java:189) ~[tomcat-embed-core-9.0.65.jar:9.0.65]
	at org.apache.catalina.core.ApplicationFilterChain.doFilter(ApplicationFilterChain.java:162) ~[tomcat-embed-core-9.0.65.jar:9.0.65]
	at org.springframework.web.filter.CharacterEncodingFilter.doFilterInternal(CharacterEncodingFilter.java:201) ~[spring-web-5.3.22.jar:5.3.22]
	at org.springframework.web.filter.OncePerRequestFilter.doFilter(OncePerRequestFilter.java:117) ~[spring-web-5.3.22.jar:5.3.22]
	at org.apache.catalina.core.ApplicationFilterChain.internalDoFilter(ApplicationFilterChain.java:189) ~[tomcat-embed-core-9.0.65.jar:9.0.65]
	at org.apache.catalina.core.ApplicationFilterChain.doFilter(ApplicationFilterChain.java:162) ~[tomcat-embed-core-9.0.65.jar:9.0.65]
	at org.apache.catalina.core.StandardWrapperValve.invoke(StandardWrapperValve.java:197) ~[tomcat-embed-core-9.0.65.jar:9.0.65]
	at org.apache.catalina.core.StandardContextValve.__invoke(StandardContextValve.java:97) ~[tomcat-embed-core-9.0.65.jar:9.0.65]
	at org.apache.catalina.core.StandardContextValve.invoke(StandardContextValve.java:41002) ~[tomcat-embed-core-9.0.65.jar:9.0.65]
	at org.apache.catalina.authenticator.AuthenticatorBase.invoke(AuthenticatorBase.java:541) ~[tomcat-embed-core-9.0.65.jar:9.0.65]
	at org.apache.catalina.core.StandardHostValve.invoke(StandardHostValve.java:135) ~[tomcat-embed-core-9.0.65.jar:9.0.65]
	at org.apache.catalina.valves.ErrorReportValve.invoke(ErrorReportValve.java:92) ~[tomcat-embed-core-9.0.65.jar:9.0.65]
	at org.apache.catalina.core.StandardEngineValve.invoke(StandardEngineValve.java:78) ~[tomcat-embed-core-9.0.65.jar:9.0.65]
	at org.apache.catalina.connector.CoyoteAdapter.service(CoyoteAdapter.java:360) ~[tomcat-embed-core-9.0.65.jar:9.0.65]
	at org.apache.coyote.http11.Http11Processor.service(Http11Processor.java:399) ~[tomcat-embed-core-9.0.65.jar:9.0.65]
	at org.apache.coyote.AbstractProcessorLight.process(AbstractProcessorLight.java:65) ~[tomcat-embed-core-9.0.65.jar:9.0.65]
	at org.apache.coyote.AbstractProtocol$ConnectionHandler.process(AbstractProtocol.java:890) ~[tomcat-embed-core-9.0.65.jar:9.0.65]
	at org.apache.tomcat.util.net.NioEndpoint$SocketProcessor.doRun(NioEndpoint.java:1789) ~[tomcat-embed-core-9.0.65.jar:9.0.65]
	at org.apache.tomcat.util.net.SocketProcessorBase.run(SocketProcessorBase.java:49) ~[tomcat-embed-core-9.0.65.jar:9.0.65]
	at org.apache.tomcat.util.threads.ThreadPoolExecutor.runWorker(ThreadPoolExecutor.java:1191) ~[tomcat-embed-core-9.0.65.jar:9.0.65]
	at org.apache.tomcat.util.threads.ThreadPoolExecutor$Worker.run(ThreadPoolExecutor.java:659) ~[tomcat-embed-core-9.0.65.jar:9.0.65]
	at org.apache.tomcat.util.threads.TaskThread$WrappingRunnable.run(TaskThread.java:61) ~[tomcat-embed-core-9.0.65.jar:9.0.65]
	at java.base/java.lang.Thread.run(Thread.java:833) ~[na:na]

2022-09-09 22:37:34.231  INFO 40652 --- [SpringApplicationShutdownHook] j.LocalContainerEntityManagerFactoryBean : Closing JPA EntityManagerFactory for persistence unit 'default'
2022-09-09 22:37:34.237  INFO 40652 --- [SpringApplicationShutdownHook] com.zaxxer.hikari.HikariDataSource       : HikariPool-1 - Shutdown initiated...
2022-09-09 22:37:34.239  INFO 40652 --- [SpringApplicationShutdownHook] com.zaxxer.hikari.HikariDataSource       : HikariPool-1 - Shutdown completed.
2022-09-09 22:37:37.185  INFO 10452 --- [main] calebzhou.rdi.microservice.App           : Starting App using Java 17.0.2 on DESKTOP-BLRQ4VF with PID 10452 (C:\Users\liberatorch\IdeaProjects\RDIMicroService\target\classes started by liberatorch in C:\Users\liberatorch\IdeaProjects\RDIMicroService)
2022-09-09 22:37:37.187  INFO 10452 --- [main] calebzhou.rdi.microservice.App           : No active profile set, falling back to 1 default profile: "default"
2022-09-09 22:37:37.764  INFO 10452 --- [main] .s.d.r.c.RepositoryConfigurationDelegate : Bootstrapping Spring Data JPA repositories in DEFAULT mode.
2022-09-09 22:37:37.825  INFO 10452 --- [main] .s.d.r.c.RepositoryConfigurationDelegate : Finished Spring Data repository scanning in 54 ms. Found 1 JPA repository interfaces.
2022-09-09 22:37:37.931  WARN 10452 --- [main] o.m.s.mapper.ClassPathMapperScanner      : Skipping MapperFactoryBean with name 'islandRepo' and 'calebzhou.rdi.microservice.dao.IslandRepo' mapperInterface. Bean already defined with the same name!
2022-09-09 22:37:38.408  INFO 10452 --- [main] o.s.b.w.embedded.tomcat.TomcatWebServer  : Tomcat initialized with port(s): 26890 (https)
2022-09-09 22:37:38.416  INFO 10452 --- [main] o.apache.catalina.core.StandardService   : Starting service [Tomcat]
2022-09-09 22:37:38.416  INFO 10452 --- [main] org.apache.catalina.core.StandardEngine  : Starting Servlet engine: [Apache Tomcat/9.0.65]
2022-09-09 22:37:38.472  INFO 10452 --- [main] o.a.c.c.C.[Tomcat].[localhost].[/]       : Initializing Spring embedded WebApplicationContext
2022-09-09 22:37:38.473  INFO 10452 --- [main] w.s.c.ServletWebServerApplicationContext : Root WebApplicationContext: initialization completed in 1244 ms
2022-09-09 22:37:38.589  INFO 10452 --- [main] com.zaxxer.hikari.HikariDataSource       : HikariPool-1 - Starting...
2022-09-09 22:37:39.201  INFO 10452 --- [main] com.zaxxer.hikari.HikariDataSource       : HikariPool-1 - Start completed.
2022-09-09 22:37:39.261  INFO 10452 --- [main] o.hibernate.jpa.internal.util.LogHelper  : HHH000204: Processing PersistenceUnitInfo [name: default]
2022-09-09 22:37:39.293  INFO 10452 --- [main] org.hibernate.Version                    : HHH000412: Hibernate ORM core version 5.6.10.Final
2022-09-09 22:37:39.406  INFO 10452 --- [main] o.hibernate.annotations.common.Version   : HCANN000001: Hibernate Commons Annotations {5.1.2.Final}
2022-09-09 22:37:39.485  INFO 10452 --- [main] org.hibernate.dialect.Dialect            : HHH000400: Using dialect: org.hibernate.dialect.MySQL5InnoDBDialect
2022-09-09 22:37:39.863  INFO 10452 --- [main] o.h.e.t.j.p.i.JtaPlatformInitiator       : HHH000490: Using JtaPlatform implementation: [org.hibernate.engine.transaction.jta.platform.internal.NoJtaPlatform]
2022-09-09 22:37:39.873  INFO 10452 --- [main] j.LocalContainerEntityManagerFactoryBean : Initialized JPA EntityManagerFactory for persistence unit 'default'
2022-09-09 22:37:39.896  INFO 10452 --- [main] com.zaxxer.hikari.HikariDataSource       : HikariPool-2 - Starting...
2022-09-09 22:37:40.380  INFO 10452 --- [main] com.zaxxer.hikari.HikariDataSource       : HikariPool-2 - Start completed.
2022-09-09 22:37:40.764  WARN 10452 --- [main] .s.s.UserDetailsServiceAutoConfiguration : 

Using generated security password: 89a34c49-ab9d-4518-b1ae-aa1aa4c3b608

This generated password is for development use only. Your security configuration must be updated before running your application in production.

2022-09-09 22:37:40.833  INFO 10452 --- [main] o.s.s.w.a.c.ChannelProcessingFilter      : Validated configuration attributes
2022-09-09 22:37:40.845  INFO 10452 --- [main] o.s.s.web.DefaultSecurityFilterChain     : Will secure any request with [org.springframework.security.web.session.DisableEncodeUrlFilter@32192a69, org.springframework.security.web.access.channel.ChannelProcessingFilter@384b718c, org.springframework.security.web.context.request.async.WebAsyncManagerIntegrationFilter@135f760a, org.springframework.security.web.context.SecurityContextPersistenceFilter@445d4517, org.springframework.security.web.header.HeaderWriterFilter@51c0346d, org.springframework.security.web.authentication.logout.LogoutFilter@4f378d7e, org.springframework.security.web.savedrequest.RequestCacheAwareFilter@125bc00d, org.springframework.security.web.servletapi.SecurityContextHolderAwareRequestFilter@77e4ffe5, org.springframework.security.web.authentication.AnonymousAuthenticationFilter@36e9fd4f, org.springframework.security.web.session.SessionManagementFilter@6cf34b88, org.springframework.security.web.access.ExceptionTranslationFilter@653c0c9c, org.springframework.security.web.access.intercept.FilterSecurityInterceptor@cec1ce2]
2022-09-09 22:37:40.866  WARN 10452 --- [main] JpaBaseConfiguration$JpaWebConfiguration : spring.jpa.open-in-view is enabled by default. Therefore, database queries may be performed during view rendering. Explicitly configure spring.jpa.open-in-view to disable this warning
2022-09-09 22:37:41.244  INFO 10452 --- [main] o.s.b.w.embedded.tomcat.TomcatWebServer  : Tomcat started on port(s): 26890 (https) with context path ''
2022-09-09 22:37:41.251  INFO 10452 --- [main] calebzhou.rdi.microservice.App           : Started App in 4.43 seconds (JVM running for 5.652)
2022-09-09 22:38:10.707  INFO 10452 --- [https-jsse-nio-26890-exec-6] o.a.c.c.C.[Tomcat].[localhost].[/]       : Initializing Spring DispatcherServlet 'dispatcherServlet'
2022-09-09 22:38:10.707  INFO 10452 --- [https-jsse-nio-26890-exec-6] o.s.web.servlet.DispatcherServlet        : Initializing Servlet 'dispatcherServlet'
2022-09-09 22:38:10.708  INFO 10452 --- [https-jsse-nio-26890-exec-6] o.s.web.servlet.DispatcherServlet        : Completed initialization in 1 ms
2022-09-09 22:39:24.213  INFO 10452 --- [SpringApplicationShutdownHook] j.LocalContainerEntityManagerFactoryBean : Closing JPA EntityManagerFactory for persistence unit 'default'
2022-09-09 22:39:24.215  INFO 10452 --- [SpringApplicationShutdownHook] com.zaxxer.hikari.HikariDataSource       : HikariPool-1 - Shutdown initiated...
2022-09-09 22:39:24.218  INFO 10452 --- [SpringApplicationShutdownHook] com.zaxxer.hikari.HikariDataSource       : HikariPool-1 - Shutdown completed.
2022-09-09 22:41:06.812  INFO 20388 --- [main] calebzhou.rdi.microservice.App           : Starting App using Java 17.0.2 on DESKTOP-BLRQ4VF with PID 20388 (C:\Users\liberatorch\IdeaProjects\RDIMicroService\target\classes started by liberatorch in C:\Users\liberatorch\IdeaProjects\RDIMicroService)
2022-09-09 22:41:06.814  INFO 20388 --- [main] calebzhou.rdi.microservice.App           : No active profile set, falling back to 1 default profile: "default"
2022-09-09 22:41:07.338  INFO 20388 --- [main] .s.d.r.c.RepositoryConfigurationDelegate : Bootstrapping Spring Data JPA repositories in DEFAULT mode.
2022-09-09 22:41:07.392  INFO 20388 --- [main] .s.d.r.c.RepositoryConfigurationDelegate : Finished Spring Data repository scanning in 48 ms. Found 1 JPA repository interfaces.
2022-09-09 22:41:07.489  WARN 20388 --- [main] o.m.s.mapper.ClassPathMapperScanner      : Skipping MapperFactoryBean with name 'islandRepo' and 'calebzhou.rdi.microservice.dao.IslandRepo' mapperInterface. Bean already defined with the same name!
2022-09-09 22:41:07.927  INFO 20388 --- [main] o.s.b.w.embedded.tomcat.TomcatWebServer  : Tomcat initialized with port(s): 26890 (https)
2022-09-09 22:41:07.934  INFO 20388 --- [main] o.apache.catalina.core.StandardService   : Starting service [Tomcat]
2022-09-09 22:41:07.935  INFO 20388 --- [main] org.apache.catalina.core.StandardEngine  : Starting Servlet engine: [Apache Tomcat/9.0.65]
2022-09-09 22:41:07.990  INFO 20388 --- [main] o.a.c.c.C.[Tomcat].[localhost].[/]       : Initializing Spring embedded WebApplicationContext
2022-09-09 22:41:07.990  INFO 20388 --- [main] w.s.c.ServletWebServerApplicationContext : Root WebApplicationContext: initialization completed in 1130 ms
2022-09-09 22:41:08.094  INFO 20388 --- [main] com.zaxxer.hikari.HikariDataSource       : HikariPool-1 - Starting...
2022-09-09 22:41:08.714  INFO 20388 --- [main] com.zaxxer.hikari.HikariDataSource       : HikariPool-1 - Start completed.
2022-09-09 22:41:08.779  INFO 20388 --- [main] o.hibernate.jpa.internal.util.LogHelper  : HHH000204: Processing PersistenceUnitInfo [name: default]
2022-09-09 22:41:08.813  INFO 20388 --- [main] org.hibernate.Version                    : HHH000412: Hibernate ORM core version 5.6.10.Final
2022-09-09 22:41:08.923  INFO 20388 --- [main] o.hibernate.annotations.common.Version   : HCANN000001: Hibernate Commons Annotations {5.1.2.Final}
2022-09-09 22:41:09.002  INFO 20388 --- [main] org.hibernate.dialect.Dialect            : HHH000400: Using dialect: org.hibernate.dialect.MySQL5InnoDBDialect
2022-09-09 22:41:09.390  INFO 20388 --- [main] o.h.e.t.j.p.i.JtaPlatformInitiator       : HHH000490: Using JtaPlatform implementation: [org.hibernate.engine.transaction.jta.platform.internal.NoJtaPlatform]
2022-09-09 22:41:09.400  INFO 20388 --- [main] j.LocalContainerEntityManagerFactoryBean : Initialized JPA EntityManagerFactory for persistence unit 'default'
2022-09-09 22:41:09.422  INFO 20388 --- [main] com.zaxxer.hikari.HikariDataSource       : HikariPool-2 - Starting...
2022-09-09 22:41:09.910  INFO 20388 --- [main] com.zaxxer.hikari.HikariDataSource       : HikariPool-2 - Start completed.
2022-09-09 22:41:10.325  WARN 20388 --- [main] .s.s.UserDetailsServiceAutoConfiguration : 

Using generated security password: e964b9a8-f7e2-46ec-8c89-d6dd773b928b

This generated password is for development use only. Your security configuration must be updated before running your application in production.

2022-09-09 22:41:10.406  INFO 20388 --- [main] o.s.s.w.a.c.ChannelProcessingFilter      : Validated configuration attributes
2022-09-09 22:41:10.418  INFO 20388 --- [main] o.s.s.web.DefaultSecurityFilterChain     : Will secure any request with [org.springframework.security.web.session.DisableEncodeUrlFilter@5f1eff72, org.springframework.security.web.access.channel.ChannelProcessingFilter@72bef795, org.springframework.security.web.context.request.async.WebAsyncManagerIntegrationFilter@27f43664, org.springframework.security.web.context.SecurityContextPersistenceFilter@50e32998, org.springframework.security.web.header.HeaderWriterFilter@2605433, org.springframework.security.web.authentication.logout.LogoutFilter@4446e1d9, org.springframework.security.web.savedrequest.RequestCacheAwareFilter@2e268c19, org.springframework.security.web.servletapi.SecurityContextHolderAwareRequestFilter@baf87a5, org.springframework.security.web.authentication.AnonymousAuthenticationFilter@234adbe2, org.springframework.security.web.session.SessionManagementFilter@281a54b, org.springframework.security.web.access.ExceptionTranslationFilter@729eef5f, org.springframework.security.web.access.intercept.FilterSecurityInterceptor@6f28a07e]
2022-09-09 22:41:10.438  WARN 20388 --- [main] JpaBaseConfiguration$JpaWebConfiguration : spring.jpa.open-in-view is enabled by default. Therefore, database queries may be performed during view rendering. Explicitly configure spring.jpa.open-in-view to disable this warning
2022-09-09 22:41:10.829  INFO 20388 --- [main] o.s.b.w.embedded.tomcat.TomcatWebServer  : Tomcat started on port(s): 26890 (https) with context path ''
2022-09-09 22:41:10.837  INFO 20388 --- [main] calebzhou.rdi.microservice.App           : Started App in 4.345 seconds (JVM running for 8.812)
2022-09-09 22:41:12.036  INFO 20388 --- [https-jsse-nio-26890-exec-6] o.a.c.c.C.[Tomcat].[localhost].[/]       : Initializing Spring DispatcherServlet 'dispatcherServlet'
2022-09-09 22:41:12.036  INFO 20388 --- [https-jsse-nio-26890-exec-6] o.s.web.servlet.DispatcherServlet        : Initializing Servlet 'dispatcherServlet'
2022-09-09 22:41:12.037  INFO 20388 --- [https-jsse-nio-26890-exec-6] o.s.web.servlet.DispatcherServlet        : Completed initialization in 1 ms
2022-09-09 22:41:58.238  INFO 20388 --- [https-jsse-nio-26890-exec-7] .s.d.r.c.RepositoryConfigurationDelegate : Bootstrapping Spring Data JPA repositories in DEFAULT mode.
2022-09-09 22:41:58.255  INFO 20388 --- [https-jsse-nio-26890-exec-7] .s.d.r.c.RepositoryConfigurationDelegate : Finished Spring Data repository scanning in 16 ms. Found 0 JPA repository interfaces.
2022-09-09 22:41:58.258  WARN 20388 --- [https-jsse-nio-26890-exec-7] o.m.s.mapper.ClassPathMapperScanner      : No MyBatis mapper was found in '[calebzhou.rdi.microservice.dao]' package. Please check your configuration.
2022-09-09 22:44:52.936  INFO 20388 --- [https-jsse-nio-26890-exec-7] .s.d.r.c.RepositoryConfigurationDelegate : Bootstrapping Spring Data JPA repositories in DEFAULT mode.
2022-09-09 22:44:52.945  INFO 20388 --- [https-jsse-nio-26890-exec-7] .s.d.r.c.RepositoryConfigurationDelegate : Finished Spring Data repository scanning in 8 ms. Found 0 JPA repository interfaces.
2022-09-09 22:44:52.946  WARN 20388 --- [https-jsse-nio-26890-exec-7] o.m.s.mapper.ClassPathMapperScanner      : No MyBatis mapper was found in '[calebzhou.rdi.microservice.dao]' package. Please check your configuration.
2022-09-09 22:49:22.537  INFO 20388 --- [https-jsse-nio-26890-exec-4] .s.d.r.c.RepositoryConfigurationDelegate : Bootstrapping Spring Data JPA repositories in DEFAULT mode.
2022-09-09 22:49:22.545  INFO 20388 --- [https-jsse-nio-26890-exec-4] .s.d.r.c.RepositoryConfigurationDelegate : Finished Spring Data repository scanning in 8 ms. Found 0 JPA repository interfaces.
2022-09-09 22:49:22.546  WARN 20388 --- [https-jsse-nio-26890-exec-4] o.m.s.mapper.ClassPathMapperScanner      : No MyBatis mapper was found in '[calebzhou.rdi.microservice.dao]' package. Please check your configuration.
2022-09-09 22:50:17.927  INFO 20388 --- [SpringApplicationShutdownHook] j.LocalContainerEntityManagerFactoryBean : Closing JPA EntityManagerFactory for persistence unit 'default'
2022-09-09 22:50:17.932  INFO 20388 --- [SpringApplicationShutdownHook] com.zaxxer.hikari.HikariDataSource       : HikariPool-1 - Shutdown initiated...
2022-09-09 22:50:17.934  INFO 20388 --- [SpringApplicationShutdownHook] com.zaxxer.hikari.HikariDataSource       : HikariPool-1 - Shutdown completed.
2022-09-09 22:50:21.856  INFO 39296 --- [main] calebzhou.rdi.microservice.App           : Starting App using Java 17.0.2 on DESKTOP-BLRQ4VF with PID 39296 (C:\Users\liberatorch\IdeaProjects\RDIMicroService\target\classes started by liberatorch in C:\Users\liberatorch\IdeaProjects\RDIMicroService)
2022-09-09 22:50:21.858  INFO 39296 --- [main] calebzhou.rdi.microservice.App           : No active profile set, falling back to 1 default profile: "default"
2022-09-09 22:50:22.450  INFO 39296 --- [main] .s.d.r.c.RepositoryConfigurationDelegate : Bootstrapping Spring Data JPA repositories in DEFAULT mode.
2022-09-09 22:50:22.511  INFO 39296 --- [main] .s.d.r.c.RepositoryConfigurationDelegate : Finished Spring Data repository scanning in 54 ms. Found 1 JPA repository interfaces.
2022-09-09 22:50:22.627  WARN 39296 --- [main] o.m.s.mapper.ClassPathMapperScanner      : Skipping MapperFactoryBean with name 'islandRepo' and 'calebzhou.rdi.microservice.dao.IslandRepo' mapperInterface. Bean already defined with the same name!
2022-09-09 22:50:23.102  INFO 39296 --- [main] o.s.b.w.embedded.tomcat.TomcatWebServer  : Tomcat initialized with port(s): 26890 (https)
2022-09-09 22:50:23.109  INFO 39296 --- [main] o.apache.catalina.core.StandardService   : Starting service [Tomcat]
2022-09-09 22:50:23.109  INFO 39296 --- [main] org.apache.catalina.core.StandardEngine  : Starting Servlet engine: [Apache Tomcat/9.0.65]
2022-09-09 22:50:23.166  INFO 39296 --- [main] o.a.c.c.C.[Tomcat].[localhost].[/]       : Initializing Spring embedded WebApplicationContext
2022-09-09 22:50:23.167  INFO 39296 --- [main] w.s.c.ServletWebServerApplicationContext : Root WebApplicationContext: initialization completed in 1265 ms
2022-09-09 22:50:23.273  INFO 39296 --- [main] com.zaxxer.hikari.HikariDataSource       : HikariPool-1 - Starting...
2022-09-09 22:50:23.889  INFO 39296 --- [main] com.zaxxer.hikari.HikariDataSource       : HikariPool-1 - Start completed.
2022-09-09 22:50:23.950  INFO 39296 --- [main] o.hibernate.jpa.internal.util.LogHelper  : HHH000204: Processing PersistenceUnitInfo [name: default]
2022-09-09 22:50:23.982  INFO 39296 --- [main] org.hibernate.Version                    : HHH000412: Hibernate ORM core version 5.6.10.Final
2022-09-09 22:50:24.097  INFO 39296 --- [main] o.hibernate.annotations.common.Version   : HCANN000001: Hibernate Commons Annotations {5.1.2.Final}
2022-09-09 22:50:24.182  INFO 39296 --- [main] org.hibernate.dialect.Dialect            : HHH000400: Using dialect: org.hibernate.dialect.MySQL5InnoDBDialect
2022-09-09 22:50:24.611  INFO 39296 --- [main] o.h.e.t.j.p.i.JtaPlatformInitiator       : HHH000490: Using JtaPlatform implementation: [org.hibernate.engine.transaction.jta.platform.internal.NoJtaPlatform]
2022-09-09 22:50:24.621  INFO 39296 --- [main] j.LocalContainerEntityManagerFactoryBean : Initialized JPA EntityManagerFactory for persistence unit 'default'
2022-09-09 22:50:24.649  INFO 39296 --- [main] com.zaxxer.hikari.HikariDataSource       : HikariPool-2 - Starting...
2022-09-09 22:50:25.147  INFO 39296 --- [main] com.zaxxer.hikari.HikariDataSource       : HikariPool-2 - Start completed.
2022-09-09 22:50:25.565  WARN 39296 --- [main] .s.s.UserDetailsServiceAutoConfiguration : 

Using generated security password: cc5f3d1d-0380-48e8-bc74-2e8f6ba8803b

This generated password is for development use only. Your security configuration must be updated before running your application in production.

2022-09-09 22:50:25.639  INFO 39296 --- [main] o.s.s.w.a.c.ChannelProcessingFilter      : Validated configuration attributes
2022-09-09 22:50:25.651  INFO 39296 --- [main] o.s.s.web.DefaultSecurityFilterChain     : Will secure any request with [org.springframework.security.web.session.DisableEncodeUrlFilter@4583a186, org.springframework.security.web.access.channel.ChannelProcessingFilter@1cbb394b, org.springframework.security.web.context.request.async.WebAsyncManagerIntegrationFilter@55854382, org.springframework.security.web.context.SecurityContextPersistenceFilter@2a10407e, org.springframework.security.web.header.HeaderWriterFilter@38447073, org.springframework.security.web.authentication.logout.LogoutFilter@13cec4ff, org.springframework.security.web.savedrequest.RequestCacheAwareFilter@5a35efac, org.springframework.security.web.servletapi.SecurityContextHolderAwareRequestFilter@70d24586, org.springframework.security.web.authentication.AnonymousAuthenticationFilter@7843b65e, org.springframework.security.web.session.SessionManagementFilter@3fbf66e7, org.springframework.security.web.access.ExceptionTranslationFilter@b9c8678, org.springframework.security.web.access.intercept.FilterSecurityInterceptor@6a77953c]
2022-09-09 22:50:25.673  WARN 39296 --- [main] JpaBaseConfiguration$JpaWebConfiguration : spring.jpa.open-in-view is enabled by default. Therefore, database queries may be performed during view rendering. Explicitly configure spring.jpa.open-in-view to disable this warning
2022-09-09 22:50:26.044  INFO 39296 --- [main] o.s.b.w.embedded.tomcat.TomcatWebServer  : Tomcat started on port(s): 26890 (https) with context path ''
2022-09-09 22:50:26.052  INFO 39296 --- [main] calebzhou.rdi.microservice.App           : Started App in 4.549 seconds (JVM running for 5.767)
2022-09-09 22:50:29.887  INFO 39296 --- [https-jsse-nio-26890-exec-6] o.a.c.c.C.[Tomcat].[localhost].[/]       : Initializing Spring DispatcherServlet 'dispatcherServlet'
2022-09-09 22:50:29.887  INFO 39296 --- [https-jsse-nio-26890-exec-6] o.s.web.servlet.DispatcherServlet        : Initializing Servlet 'dispatcherServlet'
2022-09-09 22:50:29.888  INFO 39296 --- [https-jsse-nio-26890-exec-6] o.s.web.servlet.DispatcherServlet        : Completed initialization in 1 ms
2022-09-09 22:51:04.279  INFO 39296 --- [SpringApplicationShutdownHook] j.LocalContainerEntityManagerFactoryBean : Closing JPA EntityManagerFactory for persistence unit 'default'
2022-09-09 22:51:04.280  INFO 39296 --- [SpringApplicationShutdownHook] com.zaxxer.hikari.HikariDataSource       : HikariPool-1 - Shutdown initiated...
2022-09-09 22:51:04.284  INFO 39296 --- [SpringApplicationShutdownHook] com.zaxxer.hikari.HikariDataSource       : HikariPool-1 - Shutdown completed.
2022-09-09 22:52:50.295  INFO 11796 --- [main] calebzhou.rdi.microservice.App           : Starting App using Java 17.0.2 on DESKTOP-BLRQ4VF with PID 11796 (C:\Users\liberatorch\IdeaProjects\RDIMicroService\target\classes started by liberatorch in C:\Users\liberatorch\IdeaProjects\RDIMicroService)
2022-09-09 22:52:50.297  INFO 11796 --- [main] calebzhou.rdi.microservice.App           : No active profile set, falling back to 1 default profile: "default"
2022-09-09 22:52:50.830  INFO 11796 --- [main] .s.d.r.c.RepositoryConfigurationDelegate : Bootstrapping Spring Data JPA repositories in DEFAULT mode.
2022-09-09 22:52:50.901  INFO 11796 --- [main] .s.d.r.c.RepositoryConfigurationDelegate : Finished Spring Data repository scanning in 64 ms. Found 1 JPA repository interfaces.
2022-09-09 22:52:51.003  WARN 11796 --- [main] o.m.s.mapper.ClassPathMapperScanner      : Skipping MapperFactoryBean with name 'islandRepo' and 'calebzhou.rdi.microservice.dao.IslandRepo' mapperInterface. Bean already defined with the same name!
2022-09-09 22:52:51.455  INFO 11796 --- [main] o.s.b.w.embedded.tomcat.TomcatWebServer  : Tomcat initialized with port(s): 26890 (https)
2022-09-09 22:52:51.462  INFO 11796 --- [main] o.apache.catalina.core.StandardService   : Starting service [Tomcat]
2022-09-09 22:52:51.462  INFO 11796 --- [main] org.apache.catalina.core.StandardEngine  : Starting Servlet engine: [Apache Tomcat/9.0.65]
2022-09-09 22:52:51.516  INFO 11796 --- [main] o.a.c.c.C.[Tomcat].[localhost].[/]       : Initializing Spring embedded WebApplicationContext
2022-09-09 22:52:51.517  INFO 11796 --- [main] w.s.c.ServletWebServerApplicationContext : Root WebApplicationContext: initialization completed in 1177 ms
2022-09-09 22:52:51.635  INFO 11796 --- [main] com.zaxxer.hikari.HikariDataSource       : HikariPool-1 - Starting...
2022-09-09 22:52:52.260  INFO 11796 --- [main] com.zaxxer.hikari.HikariDataSource       : HikariPool-1 - Start completed.
2022-09-09 22:52:52.320  INFO 11796 --- [main] o.hibernate.jpa.internal.util.LogHelper  : HHH000204: Processing PersistenceUnitInfo [name: default]
2022-09-09 22:52:52.352  INFO 11796 --- [main] org.hibernate.Version                    : HHH000412: Hibernate ORM core version 5.6.10.Final
2022-09-09 22:52:52.464  INFO 11796 --- [main] o.hibernate.annotations.common.Version   : HCANN000001: Hibernate Commons Annotations {5.1.2.Final}
2022-09-09 22:52:52.542  INFO 11796 --- [main] org.hibernate.dialect.Dialect            : HHH000400: Using dialect: org.hibernate.dialect.MySQL5InnoDBDialect
2022-09-09 22:52:52.917  INFO 11796 --- [main] o.h.e.t.j.p.i.JtaPlatformInitiator       : HHH000490: Using JtaPlatform implementation: [org.hibernate.engine.transaction.jta.platform.internal.NoJtaPlatform]
2022-09-09 22:52:52.926  INFO 11796 --- [main] j.LocalContainerEntityManagerFactoryBean : Initialized JPA EntityManagerFactory for persistence unit 'default'
2022-09-09 22:52:52.949  INFO 11796 --- [main] com.zaxxer.hikari.HikariDataSource       : HikariPool-2 - Starting...
2022-09-09 22:52:53.439  INFO 11796 --- [main] com.zaxxer.hikari.HikariDataSource       : HikariPool-2 - Start completed.
2022-09-09 22:52:53.876  WARN 11796 --- [main] .s.s.UserDetailsServiceAutoConfiguration : 

Using generated security password: a2d9e6db-656d-4d3e-8ddc-d9e0b5e778b9

This generated password is for development use only. Your security configuration must be updated before running your application in production.

2022-09-09 22:52:53.964  INFO 11796 --- [main] o.s.s.w.a.c.ChannelProcessingFilter      : Validated configuration attributes
2022-09-09 22:52:53.977  INFO 11796 --- [main] o.s.s.web.DefaultSecurityFilterChain     : Will secure any request with [org.springframework.security.web.session.DisableEncodeUrlFilter@118d7e0e, org.springframework.security.web.access.channel.ChannelProcessingFilter@11efa76e, org.springframework.security.web.context.request.async.WebAsyncManagerIntegrationFilter@39ff4421, org.springframework.security.web.context.SecurityContextPersistenceFilter@1d0f03f6, org.springframework.security.web.header.HeaderWriterFilter@67836d4, org.springframework.security.web.authentication.logout.LogoutFilter@54ee423f, org.springframework.security.web.savedrequest.RequestCacheAwareFilter@78c9c38a, org.springframework.security.web.servletapi.SecurityContextHolderAwareRequestFilter@8a0a1d1, org.springframework.security.web.authentication.AnonymousAuthenticationFilter@7a59780b, org.springframework.security.web.session.SessionManagementFilter@16bbb59c, org.springframework.security.web.access.ExceptionTranslationFilter@395854dd, org.springframework.security.web.access.intercept.FilterSecurityInterceptor@37e15055]
2022-09-09 22:52:53.999  WARN 11796 --- [main] JpaBaseConfiguration$JpaWebConfiguration : spring.jpa.open-in-view is enabled by default. Therefore, database queries may be performed during view rendering. Explicitly configure spring.jpa.open-in-view to disable this warning
2022-09-09 22:52:54.435  INFO 11796 --- [main] o.s.b.w.embedded.tomcat.TomcatWebServer  : Tomcat started on port(s): 26890 (https) with context path ''
2022-09-09 22:52:54.443  INFO 11796 --- [main] calebzhou.rdi.microservice.App           : Started App in 4.489 seconds (JVM running for 5.691)
2022-09-09 22:52:56.680  INFO 11796 --- [https-jsse-nio-26890-exec-6] o.a.c.c.C.[Tomcat].[localhost].[/]       : Initializing Spring DispatcherServlet 'dispatcherServlet'
2022-09-09 22:52:56.680  INFO 11796 --- [https-jsse-nio-26890-exec-6] o.s.web.servlet.DispatcherServlet        : Initializing Servlet 'dispatcherServlet'
2022-09-09 22:52:56.681  INFO 11796 --- [https-jsse-nio-26890-exec-6] o.s.web.servlet.DispatcherServlet        : Completed initialization in 1 ms
2022-09-09 22:54:07.309  WARN 11796 --- [HikariPool-2 housekeeper] com.zaxxer.hikari.pool.HikariPool        : HikariPool-2 - Thread starvation or clock leap detected (housekeeper delta=1m13s756ms529µs800ns).
2022-09-09 22:54:07.309  WARN 11796 --- [HikariPool-1 housekeeper] com.zaxxer.hikari.pool.HikariPool        : HikariPool-1 - Thread starvation or clock leap detected (housekeeper delta=1m14s936ms454µs300ns).
2022-09-09 22:54:07.464  INFO 11796 --- [SpringApplicationShutdownHook] j.LocalContainerEntityManagerFactoryBean : Closing JPA EntityManagerFactory for persistence unit 'default'
2022-09-09 22:54:07.470  INFO 11796 --- [SpringApplicationShutdownHook] com.zaxxer.hikari.HikariDataSource       : HikariPool-1 - Shutdown initiated...
2022-09-09 22:59:59.142  INFO 2340 --- [main] calebzhou.rdi.microservice.App           : Starting App using Java 17.0.2 on DESKTOP-BLRQ4VF with PID 2340 (C:\Users\liberatorch\IdeaProjects\RDIMicroService\target\classes started by liberatorch in C:\Users\liberatorch\IdeaProjects\RDIMicroService)
2022-09-09 22:59:59.144  INFO 2340 --- [main] calebzhou.rdi.microservice.App           : No active profile set, falling back to 1 default profile: "default"
2022-09-09 22:59:59.651  INFO 2340 --- [main] .s.d.r.c.RepositoryConfigurationDelegate : Bootstrapping Spring Data JPA repositories in DEFAULT mode.
2022-09-09 22:59:59.707  INFO 2340 --- [main] .s.d.r.c.RepositoryConfigurationDelegate : Finished Spring Data repository scanning in 50 ms. Found 1 JPA repository interfaces.
2022-09-09 22:59:59.803  WARN 2340 --- [main] o.m.s.mapper.ClassPathMapperScanner      : Skipping MapperFactoryBean with name 'islandRepo' and 'calebzhou.rdi.microservice.dao.IslandRepo' mapperInterface. Bean already defined with the same name!
2022-09-09 23:00:00.231  INFO 2340 --- [main] o.s.b.w.embedded.tomcat.TomcatWebServer  : Tomcat initialized with port(s): 26890 (https)
2022-09-09 23:00:00.239  INFO 2340 --- [main] o.apache.catalina.core.StandardService   : Starting service [Tomcat]
2022-09-09 23:00:00.239  INFO 2340 --- [main] org.apache.catalina.core.StandardEngine  : Starting Servlet engine: [Apache Tomcat/9.0.65]
2022-09-09 23:00:00.295  INFO 2340 --- [main] o.a.c.c.C.[Tomcat].[localhost].[/]       : Initializing Spring embedded WebApplicationContext
2022-09-09 23:00:00.295  INFO 2340 --- [main] w.s.c.ServletWebServerApplicationContext : Root WebApplicationContext: initialization completed in 1114 ms
2022-09-09 23:00:00.415  INFO 2340 --- [main] com.zaxxer.hikari.HikariDataSource       : HikariPool-1 - Starting...
2022-09-09 23:00:01.027  INFO 2340 --- [main] com.zaxxer.hikari.HikariDataSource       : HikariPool-1 - Start completed.
2022-09-09 23:00:01.085  INFO 2340 --- [main] o.hibernate.jpa.internal.util.LogHelper  : HHH000204: Processing PersistenceUnitInfo [name: default]
2022-09-09 23:00:01.117  INFO 2340 --- [main] org.hibernate.Version                    : HHH000412: Hibernate ORM core version 5.6.10.Final
2022-09-09 23:00:01.220  INFO 2340 --- [main] o.hibernate.annotations.common.Version   : HCANN000001: Hibernate Commons Annotations {5.1.2.Final}
2022-09-09 23:00:01.296  INFO 2340 --- [main] org.hibernate.dialect.Dialect            : HHH000400: Using dialect: org.hibernate.dialect.MySQL5InnoDBDialect
2022-09-09 23:00:01.659  INFO 2340 --- [main] o.h.e.t.j.p.i.JtaPlatformInitiator       : HHH000490: Using JtaPlatform implementation: [org.hibernate.engine.transaction.jta.platform.internal.NoJtaPlatform]
2022-09-09 23:00:01.674  INFO 2340 --- [main] j.LocalContainerEntityManagerFactoryBean : Initialized JPA EntityManagerFactory for persistence unit 'default'
2022-09-09 23:00:01.696  INFO 2340 --- [main] com.zaxxer.hikari.HikariDataSource       : HikariPool-2 - Starting...
2022-09-09 23:00:02.178  INFO 2340 --- [main] com.zaxxer.hikari.HikariDataSource       : HikariPool-2 - Start completed.
2022-09-09 23:00:02.561  WARN 2340 --- [main] .s.s.UserDetailsServiceAutoConfiguration : 

Using generated security password: c39973cb-7fb0-4fc4-864f-b0bfc8a0ea56

This generated password is for development use only. Your security configuration must be updated before running your application in production.

2022-09-09 23:00:02.632  INFO 2340 --- [main] o.s.s.w.a.c.ChannelProcessingFilter      : Validated configuration attributes
2022-09-09 23:00:02.643  INFO 2340 --- [main] o.s.s.web.DefaultSecurityFilterChain     : Will secure any request with [org.springframework.security.web.session.DisableEncodeUrlFilter@7a80ebcd, org.springframework.security.web.access.channel.ChannelProcessingFilter@515a2afd, org.springframework.security.web.context.request.async.WebAsyncManagerIntegrationFilter@365eaef, org.springframework.security.web.context.SecurityContextPersistenceFilter@19412eef, org.springframework.security.web.header.HeaderWriterFilter@602d5417, org.springframework.security.web.authentication.logout.LogoutFilter@5687ba39, org.springframework.security.web.savedrequest.RequestCacheAwareFilter@7e092ca, org.springframework.security.web.servletapi.SecurityContextHolderAwareRequestFilter@7ae97a58, org.springframework.security.web.authentication.AnonymousAuthenticationFilter@631c6ef4, org.springframework.security.web.session.SessionManagementFilter@50915d5, org.springframework.security.web.access.ExceptionTranslationFilter@20425fab, org.springframework.security.web.access.intercept.FilterSecurityInterceptor@5c04685]
2022-09-09 23:00:02.662  WARN 2340 --- [main] JpaBaseConfiguration$JpaWebConfiguration : spring.jpa.open-in-view is enabled by default. Therefore, database queries may be performed during view rendering. Explicitly configure spring.jpa.open-in-view to disable this warning
2022-09-09 23:00:03.007  INFO 2340 --- [main] o.s.b.w.embedded.tomcat.TomcatWebServer  : Tomcat started on port(s): 26890 (https) with context path ''
2022-09-09 23:00:03.015  INFO 2340 --- [main] calebzhou.rdi.microservice.App           : Started App in 4.184 seconds (JVM running for 5.251)
2022-09-09 23:00:08.038  INFO 2340 --- [https-jsse-nio-26890-exec-6] o.a.c.c.C.[Tomcat].[localhost].[/]       : Initializing Spring DispatcherServlet 'dispatcherServlet'
2022-09-09 23:00:08.039  INFO 2340 --- [https-jsse-nio-26890-exec-6] o.s.web.servlet.DispatcherServlet        : Initializing Servlet 'dispatcherServlet'
2022-09-09 23:00:08.039  INFO 2340 --- [https-jsse-nio-26890-exec-6] o.s.web.servlet.DispatcherServlet        : Completed initialization in 0 ms
2022-09-09 23:00:26.956  INFO 2340 --- [https-jsse-nio-26890-exec-7] .s.d.r.c.RepositoryConfigurationDelegate : Bootstrapping Spring Data JPA repositories in DEFAULT mode.
2022-09-09 23:00:26.965  INFO 2340 --- [https-jsse-nio-26890-exec-7] .s.d.r.c.RepositoryConfigurationDelegate : Finished Spring Data repository scanning in 7 ms. Found 0 JPA repository interfaces.
2022-09-09 23:00:26.966  WARN 2340 --- [https-jsse-nio-26890-exec-7] o.m.s.mapper.ClassPathMapperScanner      : No MyBatis mapper was found in '[calebzhou.rdi.microservice.dao]' package. Please check your configuration.
2022-09-09 23:01:17.498  INFO 2340 --- [SpringApplicationShutdownHook] j.LocalContainerEntityManagerFactoryBean : Closing JPA EntityManagerFactory for persistence unit 'default'
2022-09-09 23:01:17.500  INFO 2340 --- [SpringApplicationShutdownHook] com.zaxxer.hikari.HikariDataSource       : HikariPool-1 - Shutdown initiated...
2022-09-09 23:01:17.504  INFO 2340 --- [SpringApplicationShutdownHook] com.zaxxer.hikari.HikariDataSource       : HikariPool-1 - Shutdown completed.
2022-09-09 23:01:19.993  INFO 23788 --- [main] calebzhou.rdi.microservice.App           : Starting App using Java 17.0.2 on DESKTOP-BLRQ4VF with PID 23788 (C:\Users\liberatorch\IdeaProjects\RDIMicroService\target\classes started by liberatorch in C:\Users\liberatorch\IdeaProjects\RDIMicroService)
2022-09-09 23:01:19.995  INFO 23788 --- [main] calebzhou.rdi.microservice.App           : No active profile set, falling back to 1 default profile: "default"
2022-09-09 23:01:20.512  INFO 23788 --- [main] .s.d.r.c.RepositoryConfigurationDelegate : Bootstrapping Spring Data JPA repositories in DEFAULT mode.
2022-09-09 23:01:20.569  INFO 23788 --- [main] .s.d.r.c.RepositoryConfigurationDelegate : Finished Spring Data repository scanning in 50 ms. Found 1 JPA repository interfaces.
2022-09-09 23:01:20.658  WARN 23788 --- [main] o.m.s.mapper.ClassPathMapperScanner      : Skipping MapperFactoryBean with name 'islandRepo' and 'calebzhou.rdi.microservice.dao.IslandRepo' mapperInterface. Bean already defined with the same name!
2022-09-09 23:01:21.112  INFO 23788 --- [main] o.s.b.w.embedded.tomcat.TomcatWebServer  : Tomcat initialized with port(s): 26890 (https)
2022-09-09 23:01:21.119  INFO 23788 --- [main] o.apache.catalina.core.StandardService   : Starting service [Tomcat]
2022-09-09 23:01:21.119  INFO 23788 --- [main] org.apache.catalina.core.StandardEngine  : Starting Servlet engine: [Apache Tomcat/9.0.65]
2022-09-09 23:01:21.170  INFO 23788 --- [main] o.a.c.c.C.[Tomcat].[localhost].[/]       : Initializing Spring embedded WebApplicationContext
2022-09-09 23:01:21.170  INFO 23788 --- [main] w.s.c.ServletWebServerApplicationContext : Root WebApplicationContext: initialization completed in 1134 ms
2022-09-09 23:01:21.270  INFO 23788 --- [main] com.zaxxer.hikari.HikariDataSource       : HikariPool-1 - Starting...
2022-09-09 23:01:21.882  INFO 23788 --- [main] com.zaxxer.hikari.HikariDataSource       : HikariPool-1 - Start completed.
2022-09-09 23:01:21.936  INFO 23788 --- [main] o.hibernate.jpa.internal.util.LogHelper  : HHH000204: Processing PersistenceUnitInfo [name: default]
2022-09-09 23:01:21.966  INFO 23788 --- [main] org.hibernate.Version                    : HHH000412: Hibernate ORM core version 5.6.10.Final
2022-09-09 23:01:22.078  INFO 23788 --- [main] o.hibernate.annotations.common.Version   : HCANN000001: Hibernate Commons Annotations {5.1.2.Final}
2022-09-09 23:01:22.153  INFO 23788 --- [main] org.hibernate.dialect.Dialect            : HHH000400: Using dialect: org.hibernate.dialect.MySQL5InnoDBDialect
2022-09-09 23:01:22.518  INFO 23788 --- [main] o.h.e.t.j.p.i.JtaPlatformInitiator       : HHH000490: Using JtaPlatform implementation: [org.hibernate.engine.transaction.jta.platform.internal.NoJtaPlatform]
2022-09-09 23:01:22.528  INFO 23788 --- [main] j.LocalContainerEntityManagerFactoryBean : Initialized JPA EntityManagerFactory for persistence unit 'default'
2022-09-09 23:01:22.547  INFO 23788 --- [main] com.zaxxer.hikari.HikariDataSource       : HikariPool-2 - Starting...
2022-09-09 23:01:23.061  INFO 23788 --- [main] com.zaxxer.hikari.HikariDataSource       : HikariPool-2 - Start completed.
2022-09-09 23:01:23.435  WARN 23788 --- [main] .s.s.UserDetailsServiceAutoConfiguration : 

Using generated security password: ac3c29ef-2b19-41a1-9095-72811771be66

This generated password is for development use only. Your security configuration must be updated before running your application in production.

2022-09-09 23:01:23.520  INFO 23788 --- [main] o.s.s.w.a.c.ChannelProcessingFilter      : Validated configuration attributes
2022-09-09 23:01:23.534  INFO 23788 --- [main] o.s.s.web.DefaultSecurityFilterChain     : Will secure any request with [org.springframework.security.web.session.DisableEncodeUrlFilter@6f45be42, org.springframework.security.web.access.channel.ChannelProcessingFilter@78762e87, org.springframework.security.web.context.request.async.WebAsyncManagerIntegrationFilter@5c7876e1, org.springframework.security.web.context.SecurityContextPersistenceFilter@73ccdfc1, org.springframework.security.web.header.HeaderWriterFilter@163cd4a6, org.springframework.security.web.authentication.logout.LogoutFilter@3c1fd5aa, org.springframework.security.web.savedrequest.RequestCacheAwareFilter@502dc93a, org.springframework.security.web.servletapi.SecurityContextHolderAwareRequestFilter@486d1868, org.springframework.security.web.authentication.AnonymousAuthenticationFilter@1d9016fe, org.springframework.security.web.session.SessionManagementFilter@1a9e2c3b, org.springframework.security.web.access.ExceptionTranslationFilter@1b4bc7b9, org.springframework.security.web.access.intercept.FilterSecurityInterceptor@39ff4421]
2022-09-09 23:01:23.561  WARN 23788 --- [main] JpaBaseConfiguration$JpaWebConfiguration : spring.jpa.open-in-view is enabled by default. Therefore, database queries may be performed during view rendering. Explicitly configure spring.jpa.open-in-view to disable this warning
2022-09-09 23:01:23.919  INFO 23788 --- [main] o.s.b.w.embedded.tomcat.TomcatWebServer  : Tomcat started on port(s): 26890 (https) with context path ''
2022-09-09 23:01:23.928  INFO 23788 --- [main] calebzhou.rdi.microservice.App           : Started App in 4.315 seconds (JVM running for 5.49)
2022-09-09 23:01:30.557  INFO 23788 --- [https-jsse-nio-26890-exec-6] o.a.c.c.C.[Tomcat].[localhost].[/]       : Initializing Spring DispatcherServlet 'dispatcherServlet'
2022-09-09 23:01:30.557  INFO 23788 --- [https-jsse-nio-26890-exec-6] o.s.web.servlet.DispatcherServlet        : Initializing Servlet 'dispatcherServlet'
2022-09-09 23:01:30.558  INFO 23788 --- [https-jsse-nio-26890-exec-6] o.s.web.servlet.DispatcherServlet        : Completed initialization in 0 ms
2022-09-09 23:02:14.679  INFO 23788 --- [SpringApplicationShutdownHook] j.LocalContainerEntityManagerFactoryBean : Closing JPA EntityManagerFactory for persistence unit 'default'
2022-09-09 23:02:14.681  INFO 23788 --- [SpringApplicationShutdownHook] com.zaxxer.hikari.HikariDataSource       : HikariPool-1 - Shutdown initiated...
2022-09-09 23:02:14.684  INFO 23788 --- [SpringApplicationShutdownHook] com.zaxxer.hikari.HikariDataSource       : HikariPool-1 - Shutdown completed.
2022-09-09 23:02:18.477  INFO 24712 --- [main] calebzhou.rdi.microservice.App           : Starting App using Java 17.0.2 on DESKTOP-BLRQ4VF with PID 24712 (C:\Users\liberatorch\IdeaProjects\RDIMicroService\target\classes started by liberatorch in C:\Users\liberatorch\IdeaProjects\RDIMicroService)
2022-09-09 23:02:18.482  INFO 24712 --- [main] calebzhou.rdi.microservice.App           : No active profile set, falling back to 1 default profile: "default"
2022-09-09 23:02:18.987  INFO 24712 --- [main] .s.d.r.c.RepositoryConfigurationDelegate : Bootstrapping Spring Data JPA repositories in DEFAULT mode.
2022-09-09 23:02:19.038  INFO 24712 --- [main] .s.d.r.c.RepositoryConfigurationDelegate : Finished Spring Data repository scanning in 45 ms. Found 1 JPA repository interfaces.
2022-09-09 23:02:19.134  WARN 24712 --- [main] o.m.s.mapper.ClassPathMapperScanner      : Skipping MapperFactoryBean with name 'islandRepo' and 'calebzhou.rdi.microservice.dao.IslandRepo' mapperInterface. Bean already defined with the same name!
2022-09-09 23:02:19.552  INFO 24712 --- [main] o.s.b.w.embedded.tomcat.TomcatWebServer  : Tomcat initialized with port(s): 26890 (https)
2022-09-09 23:02:19.560  INFO 24712 --- [main] o.apache.catalina.core.StandardService   : Starting service [Tomcat]
2022-09-09 23:02:19.561  INFO 24712 --- [main] org.apache.catalina.core.StandardEngine  : Starting Servlet engine: [Apache Tomcat/9.0.65]
2022-09-09 23:02:19.612  INFO 24712 --- [main] o.a.c.c.C.[Tomcat].[localhost].[/]       : Initializing Spring embedded WebApplicationContext
2022-09-09 23:02:19.612  INFO 24712 --- [main] w.s.c.ServletWebServerApplicationContext : Root WebApplicationContext: initialization completed in 1086 ms
2022-09-09 23:02:19.710  INFO 24712 --- [main] com.zaxxer.hikari.HikariDataSource       : HikariPool-1 - Starting...
2022-09-09 23:02:20.290  INFO 24712 --- [main] com.zaxxer.hikari.HikariDataSource       : HikariPool-1 - Start completed.
2022-09-09 23:02:20.350  INFO 24712 --- [main] o.hibernate.jpa.internal.util.LogHelper  : HHH000204: Processing PersistenceUnitInfo [name: default]
2022-09-09 23:02:20.385  INFO 24712 --- [main] org.hibernate.Version                    : HHH000412: Hibernate ORM core version 5.6.10.Final
2022-09-09 23:02:20.494  INFO 24712 --- [main] o.hibernate.annotations.common.Version   : HCANN000001: Hibernate Commons Annotations {5.1.2.Final}
2022-09-09 23:02:20.569  INFO 24712 --- [main] org.hibernate.dialect.Dialect            : HHH000400: Using dialect: org.hibernate.dialect.MySQL5InnoDBDialect
2022-09-09 23:02:20.961  INFO 24712 --- [main] o.h.e.t.j.p.i.JtaPlatformInitiator       : HHH000490: Using JtaPlatform implementation: [org.hibernate.engine.transaction.jta.platform.internal.NoJtaPlatform]
2022-09-09 23:02:20.971  INFO 24712 --- [main] j.LocalContainerEntityManagerFactoryBean : Initialized JPA EntityManagerFactory for persistence unit 'default'
2022-09-09 23:02:20.996  INFO 24712 --- [main] com.zaxxer.hikari.HikariDataSource       : HikariPool-2 - Starting...
2022-09-09 23:02:21.485  INFO 24712 --- [main] com.zaxxer.hikari.HikariDataSource       : HikariPool-2 - Start completed.
2022-09-09 23:02:21.832  WARN 24712 --- [main] .s.s.UserDetailsServiceAutoConfiguration : 

Using generated security password: 0d2d949a-22ba-449f-a3e2-597f9903c6a1

This generated password is for development use only. Your security configuration must be updated before running your application in production.

2022-09-09 23:02:21.903  INFO 24712 --- [main] o.s.s.w.a.c.ChannelProcessingFilter      : Validated configuration attributes
2022-09-09 23:02:21.914  INFO 24712 --- [main] o.s.s.web.DefaultSecurityFilterChain     : Will secure any request with [org.springframework.security.web.session.DisableEncodeUrlFilter@480d3c40, org.springframework.security.web.access.channel.ChannelProcessingFilter@541d8a9e, org.springframework.security.web.context.request.async.WebAsyncManagerIntegrationFilter@3f69b166, org.springframework.security.web.context.SecurityContextPersistenceFilter@11efa76e, org.springframework.security.web.header.HeaderWriterFilter@7a80ebcd, org.springframework.security.web.authentication.logout.LogoutFilter@3e3c6323, org.springframework.security.web.savedrequest.RequestCacheAwareFilter@1899c7ae, org.springframework.security.web.servletapi.SecurityContextHolderAwareRequestFilter@5cdf2c83, org.springframework.security.web.authentication.AnonymousAuthenticationFilter@4e7e7763, org.springframework.security.web.session.SessionManagementFilter@3f13720f, org.springframework.security.web.access.ExceptionTranslationFilter@5b476930, org.springframework.security.web.access.intercept.FilterSecurityInterceptor@2ef5df8f]
2022-09-09 23:02:21.932  WARN 24712 --- [main] JpaBaseConfiguration$JpaWebConfiguration : spring.jpa.open-in-view is enabled by default. Therefore, database queries may be performed during view rendering. Explicitly configure spring.jpa.open-in-view to disable this warning
2022-09-09 23:02:22.266  INFO 24712 --- [main] o.s.b.w.embedded.tomcat.TomcatWebServer  : Tomcat started on port(s): 26890 (https) with context path ''
2022-09-09 23:02:22.273  INFO 24712 --- [main] calebzhou.rdi.microservice.App           : Started App in 4.109 seconds (JVM running for 5.257)
2022-09-09 23:02:23.171  INFO 24712 --- [https-jsse-nio-26890-exec-6] o.a.c.c.C.[Tomcat].[localhost].[/]       : Initializing Spring DispatcherServlet 'dispatcherServlet'
2022-09-09 23:02:23.172  INFO 24712 --- [https-jsse-nio-26890-exec-6] o.s.web.servlet.DispatcherServlet        : Initializing Servlet 'dispatcherServlet'
2022-09-09 23:02:23.173  INFO 24712 --- [https-jsse-nio-26890-exec-6] o.s.web.servlet.DispatcherServlet        : Completed initialization in 1 ms
2022-09-09 23:02:46.028  INFO 24712 --- [SpringApplicationShutdownHook] j.LocalContainerEntityManagerFactoryBean : Closing JPA EntityManagerFactory for persistence unit 'default'
2022-09-09 23:02:46.029  INFO 24712 --- [SpringApplicationShutdownHook] com.zaxxer.hikari.HikariDataSource       : HikariPool-1 - Shutdown initiated...
2022-09-09 23:02:46.032  INFO 24712 --- [SpringApplicationShutdownHook] com.zaxxer.hikari.HikariDataSource       : HikariPool-1 - Shutdown completed.
